ERROR - 2024-04-25 09:16:21 --> mysqli_sql_exception: Cannot drop column 'category_id': needed in a foreign key constraint 'fk_dishes_category' in /var/www/menuscanorder/vendor/codeigniter4/framework/system/Database/MySQLi/Connection.php:308
Stack trace:
#0 /var/www/menuscanorder/vendor/codeigniter4/framework/system/Database/MySQLi/Connection.php(308): mysqli->query()
#1 /var/www/menuscanorder/vendor/codeigniter4/framework/system/Database/BaseConnection.php(722): CodeIgniter\Database\MySQLi\Connection->execute()
#2 /var/www/menuscanorder/vendor/codeigniter4/framework/system/Database/BaseConnection.php(636): CodeIgniter\Database\BaseConnection->simpleQuery()
#3 /var/www/menuscanorder/vendor/codeigniter4/framework/system/Database/Forge.php(799): CodeIgniter\Database\BaseConnection->query()
#4 /var/www/menuscanorder/app/Database/Migrations/2024-04-24-112323_AddCategoryToDishes.php(30): CodeIgniter\Database\Forge->dropColumn()
#5 /var/www/menuscanorder/vendor/codeigniter4/framework/system/Database/MigrationRunner.php(867): App\Database\Migrations\AddCategoryToDishes->down()
#6 /var/www/menuscanorder/vendor/codeigniter4/framework/system/Database/MigrationRunner.php(290): CodeIgniter\Database\MigrationRunner->migrate()
#7 /var/www/menuscanorder/vendor/codeigniter4/framework/system/Commands/Database/MigrateRollback.php(87): CodeIgniter\Database\MigrationRunner->regress()
#8 /var/www/menuscanorder/vendor/codeigniter4/framework/system/CLI/Commands.php(70): CodeIgniter\Commands\Database\MigrateRollback->run()
#9 /var/www/menuscanorder/vendor/codeigniter4/framework/system/CLI/Console.php(48): CodeIgniter\CLI\Commands->run()
#10 /var/www/menuscanorder/vendor/codeigniter4/framework/system/Boot.php(338): CodeIgniter\CLI\Console->run()
#11 /var/www/menuscanorder/vendor/codeigniter4/framework/system/Boot.php(104): CodeIgniter\Boot::runCommand()
#12 /var/www/menuscanorder/spark(84): CodeIgniter\Boot::bootSpark()
#13 {main}
ERROR - 2024-04-25 09:18:01 --> mysqli_sql_exception: Can't DROP 'fk_dishes_milk'; check that column/key exists in /var/www/menuscanorder/vendor/codeigniter4/framework/system/Database/MySQLi/Connection.php:308
Stack trace:
#0 /var/www/menuscanorder/vendor/codeigniter4/framework/system/Database/MySQLi/Connection.php(308): mysqli->query()
#1 /var/www/menuscanorder/vendor/codeigniter4/framework/system/Database/BaseConnection.php(722): CodeIgniter\Database\MySQLi\Connection->execute()
#2 /var/www/menuscanorder/vendor/codeigniter4/framework/system/Database/BaseConnection.php(636): CodeIgniter\Database\BaseConnection->simpleQuery()
#3 /var/www/menuscanorder/vendor/codeigniter4/framework/system/Database/Forge.php(539): CodeIgniter\Database\BaseConnection->query()
#4 /var/www/menuscanorder/app/Database/Migrations/2024-04-24-112323_AddCategoryToDishes.php(29): CodeIgniter\Database\Forge->dropForeignKey()
#5 /var/www/menuscanorder/vendor/codeigniter4/framework/system/Database/MigrationRunner.php(867): App\Database\Migrations\AddCategoryToDishes->down()
#6 /var/www/menuscanorder/vendor/codeigniter4/framework/system/Database/MigrationRunner.php(290): CodeIgniter\Database\MigrationRunner->migrate()
#7 /var/www/menuscanorder/vendor/codeigniter4/framework/system/Commands/Database/MigrateRollback.php(87): CodeIgniter\Database\MigrationRunner->regress()
#8 /var/www/menuscanorder/vendor/codeigniter4/framework/system/CLI/Commands.php(70): CodeIgniter\Commands\Database\MigrateRollback->run()
#9 /var/www/menuscanorder/vendor/codeigniter4/framework/system/CLI/Console.php(48): CodeIgniter\CLI\Commands->run()
#10 /var/www/menuscanorder/vendor/codeigniter4/framework/system/Boot.php(338): CodeIgniter\CLI\Console->run()
#11 /var/www/menuscanorder/vendor/codeigniter4/framework/system/Boot.php(104): CodeIgniter\Boot::runCommand()
#12 /var/www/menuscanorder/spark(84): CodeIgniter\Boot::bootSpark()
#13 {main}
ERROR - 2024-04-25 09:24:55 --> mysqli_sql_exception: Column 'category_id' cannot be NOT NULL: needed in a foreign key constraint 'Dishes_category_id_foreign' SET NULL in /var/www/menuscanorder/vendor/codeigniter4/framework/system/Database/MySQLi/Connection.php:308
Stack trace:
#0 /var/www/menuscanorder/vendor/codeigniter4/framework/system/Database/MySQLi/Connection.php(308): mysqli->query()
#1 /var/www/menuscanorder/vendor/codeigniter4/framework/system/Database/BaseConnection.php(722): CodeIgniter\Database\MySQLi\Connection->execute()
#2 /var/www/menuscanorder/vendor/codeigniter4/framework/system/Database/BaseConnection.php(636): CodeIgniter\Database\BaseConnection->simpleQuery()
#3 /var/www/menuscanorder/vendor/codeigniter4/framework/system/Database/Forge.php(570): CodeIgniter\Database\BaseConnection->query()
#4 /var/www/menuscanorder/app/Database/Migrations/2024-04-16-072242_CreateDishesTable.php(52): CodeIgniter\Database\Forge->createTable()
#5 /var/www/menuscanorder/vendor/codeigniter4/framework/system/Database/MigrationRunner.php(867): App\Database\Migrations\CreateDishesTable->up()
#6 /var/www/menuscanorder/vendor/codeigniter4/framework/system/Database/MigrationRunner.php(183): CodeIgniter\Database\MigrationRunner->migrate()
#7 /var/www/menuscanorder/vendor/codeigniter4/framework/system/Commands/Database/Migrate.php(85): CodeIgniter\Database\MigrationRunner->latest()
#8 /var/www/menuscanorder/vendor/codeigniter4/framework/system/CLI/Commands.php(70): CodeIgniter\Commands\Database\Migrate->run()
#9 /var/www/menuscanorder/vendor/codeigniter4/framework/system/CLI/Console.php(48): CodeIgniter\CLI\Commands->run()
#10 /var/www/menuscanorder/vendor/codeigniter4/framework/system/Boot.php(338): CodeIgniter\CLI\Console->run()
#11 /var/www/menuscanorder/vendor/codeigniter4/framework/system/Boot.php(104): CodeIgniter\Boot::runCommand()
#12 /var/www/menuscanorder/spark(84): CodeIgniter\Boot::bootSpark()
#13 {main}
ERROR - 2024-04-25 09:40:37 --> mysqli_sql_exception: Column 'category_id' cannot be NOT NULL: needed in a foreign key constraint 'Dishes_category_id_foreign' SET NULL in /var/www/menuscanorder/vendor/codeigniter4/framework/system/Database/MySQLi/Connection.php:308
Stack trace:
#0 /var/www/menuscanorder/vendor/codeigniter4/framework/system/Database/MySQLi/Connection.php(308): mysqli->query()
#1 /var/www/menuscanorder/vendor/codeigniter4/framework/system/Database/BaseConnection.php(722): CodeIgniter\Database\MySQLi\Connection->execute()
#2 /var/www/menuscanorder/vendor/codeigniter4/framework/system/Database/BaseConnection.php(636): CodeIgniter\Database\BaseConnection->simpleQuery()
#3 /var/www/menuscanorder/vendor/codeigniter4/framework/system/Database/Forge.php(570): CodeIgniter\Database\BaseConnection->query()
#4 /var/www/menuscanorder/app/Database/Migrations/2024-04-16-072242_CreateDishesTable.php(52): CodeIgniter\Database\Forge->createTable()
#5 /var/www/menuscanorder/vendor/codeigniter4/framework/system/Database/MigrationRunner.php(867): App\Database\Migrations\CreateDishesTable->up()
#6 /var/www/menuscanorder/vendor/codeigniter4/framework/system/Database/MigrationRunner.php(183): CodeIgniter\Database\MigrationRunner->migrate()
#7 /var/www/menuscanorder/vendor/codeigniter4/framework/system/Commands/Database/Migrate.php(85): CodeIgniter\Database\MigrationRunner->latest()
#8 /var/www/menuscanorder/vendor/codeigniter4/framework/system/CLI/Commands.php(70): CodeIgniter\Commands\Database\Migrate->run()
#9 /var/www/menuscanorder/vendor/codeigniter4/framework/system/CLI/Console.php(48): CodeIgniter\CLI\Commands->run()
#10 /var/www/menuscanorder/vendor/codeigniter4/framework/system/Boot.php(338): CodeIgniter\CLI\Console->run()
#11 /var/www/menuscanorder/vendor/codeigniter4/framework/system/Boot.php(104): CodeIgniter\Boot::runCommand()
#12 /var/www/menuscanorder/spark(84): CodeIgniter\Boot::bootSpark()
#13 {main}
ERROR - 2024-04-25 09:42:14 --> mysqli_sql_exception: Failed to open the referenced table 'Category' in /var/www/menuscanorder/vendor/codeigniter4/framework/system/Database/MySQLi/Connection.php:308
Stack trace:
#0 /var/www/menuscanorder/vendor/codeigniter4/framework/system/Database/MySQLi/Connection.php(308): mysqli->query()
#1 /var/www/menuscanorder/vendor/codeigniter4/framework/system/Database/BaseConnection.php(722): CodeIgniter\Database\MySQLi\Connection->execute()
#2 /var/www/menuscanorder/vendor/codeigniter4/framework/system/Database/BaseConnection.php(636): CodeIgniter\Database\BaseConnection->simpleQuery()
#3 /var/www/menuscanorder/vendor/codeigniter4/framework/system/Database/Forge.php(570): CodeIgniter\Database\BaseConnection->query()
#4 /var/www/menuscanorder/app/Database/Migrations/2024-04-16-072242_CreateDishesTable.php(54): CodeIgniter\Database\Forge->createTable()
#5 /var/www/menuscanorder/vendor/codeigniter4/framework/system/Database/MigrationRunner.php(867): App\Database\Migrations\CreateDishesTable->up()
#6 /var/www/menuscanorder/vendor/codeigniter4/framework/system/Database/MigrationRunner.php(183): CodeIgniter\Database\MigrationRunner->migrate()
#7 /var/www/menuscanorder/vendor/codeigniter4/framework/system/Commands/Database/Migrate.php(85): CodeIgniter\Database\MigrationRunner->latest()
#8 /var/www/menuscanorder/vendor/codeigniter4/framework/system/CLI/Commands.php(70): CodeIgniter\Commands\Database\Migrate->run()
#9 /var/www/menuscanorder/vendor/codeigniter4/framework/system/CLI/Console.php(48): CodeIgniter\CLI\Commands->run()
#10 /var/www/menuscanorder/vendor/codeigniter4/framework/system/Boot.php(338): CodeIgniter\CLI\Console->run()
#11 /var/www/menuscanorder/vendor/codeigniter4/framework/system/Boot.php(104): CodeIgniter\Boot::runCommand()
#12 /var/www/menuscanorder/spark(84): CodeIgniter\Boot::bootSpark()
#13 {main}
ERROR - 2024-04-25 09:42:58 --> mysqli_sql_exception: Failed to open the referenced table 'Milks' in /var/www/menuscanorder/vendor/codeigniter4/framework/system/Database/MySQLi/Connection.php:308
Stack trace:
#0 /var/www/menuscanorder/vendor/codeigniter4/framework/system/Database/MySQLi/Connection.php(308): mysqli->query()
#1 /var/www/menuscanorder/vendor/codeigniter4/framework/system/Database/BaseConnection.php(722): CodeIgniter\Database\MySQLi\Connection->execute()
#2 /var/www/menuscanorder/vendor/codeigniter4/framework/system/Database/BaseConnection.php(636): CodeIgniter\Database\BaseConnection->simpleQuery()
#3 /var/www/menuscanorder/vendor/codeigniter4/framework/system/Database/Forge.php(570): CodeIgniter\Database\BaseConnection->query()
#4 /var/www/menuscanorder/app/Database/Migrations/2024-04-16-072242_CreateDishesTable.php(54): CodeIgniter\Database\Forge->createTable()
#5 /var/www/menuscanorder/vendor/codeigniter4/framework/system/Database/MigrationRunner.php(867): App\Database\Migrations\CreateDishesTable->up()
#6 /var/www/menuscanorder/vendor/codeigniter4/framework/system/Database/MigrationRunner.php(183): CodeIgniter\Database\MigrationRunner->migrate()
#7 /var/www/menuscanorder/vendor/codeigniter4/framework/system/Commands/Database/Migrate.php(85): CodeIgniter\Database\MigrationRunner->latest()
#8 /var/www/menuscanorder/vendor/codeigniter4/framework/system/CLI/Commands.php(70): CodeIgniter\Commands\Database\Migrate->run()
#9 /var/www/menuscanorder/vendor/codeigniter4/framework/system/CLI/Console.php(48): CodeIgniter\CLI\Commands->run()
#10 /var/www/menuscanorder/vendor/codeigniter4/framework/system/Boot.php(338): CodeIgniter\CLI\Console->run()
#11 /var/www/menuscanorder/vendor/codeigniter4/framework/system/Boot.php(104): CodeIgniter\Boot::runCommand()
#12 /var/www/menuscanorder/spark(84): CodeIgniter\Boot::bootSpark()
#13 {main}
ERROR - 2024-04-25 09:54:26 --> mysqli_sql_exception: Table 'menuscanorder.User' doesn't exist in /var/www/menuscanorder/vendor/codeigniter4/framework/system/Database/MySQLi/Connection.php:308
Stack trace:
#0 /var/www/menuscanorder/vendor/codeigniter4/framework/system/Database/MySQLi/Connection.php(308): mysqli->query()
#1 /var/www/menuscanorder/vendor/codeigniter4/framework/system/Database/BaseConnection.php(722): CodeIgniter\Database\MySQLi\Connection->execute()
#2 /var/www/menuscanorder/vendor/codeigniter4/framework/system/Database/BaseConnection.php(636): CodeIgniter\Database\BaseConnection->simpleQuery()
#3 /var/www/menuscanorder/vendor/codeigniter4/framework/system/Database/BaseBuilder.php(2325): CodeIgniter\Database\BaseConnection->query()
#4 /var/www/menuscanorder/app/Database/Seeds/MenuDataSeeder.php(37): CodeIgniter\Database\BaseBuilder->insert()
#5 /var/www/menuscanorder/vendor/codeigniter4/framework/system/Database/Seeder.php(147): App\Database\Seeds\MenuDataSeeder->run()
#6 /var/www/menuscanorder/vendor/codeigniter4/framework/system/Commands/Database/Seed.php(79): CodeIgniter\Database\Seeder->call()
#7 /var/www/menuscanorder/vendor/codeigniter4/framework/system/CLI/Commands.php(70): CodeIgniter\Commands\Database\Seed->run()
#8 /var/www/menuscanorder/vendor/codeigniter4/framework/system/CLI/Console.php(48): CodeIgniter\CLI\Commands->run()
#9 /var/www/menuscanorder/vendor/codeigniter4/framework/system/Boot.php(338): CodeIgniter\CLI\Console->run()
#10 /var/www/menuscanorder/vendor/codeigniter4/framework/system/Boot.php(104): CodeIgniter\Boot::runCommand()
#11 /var/www/menuscanorder/spark(84): CodeIgniter\Boot::bootSpark()
#12 {main}
ERROR - 2024-04-25 09:55:16 --> mysqli_sql_exception: Unknown column 'address' in 'field list' in /var/www/menuscanorder/vendor/codeigniter4/framework/system/Database/MySQLi/Connection.php:308
Stack trace:
#0 /var/www/menuscanorder/vendor/codeigniter4/framework/system/Database/MySQLi/Connection.php(308): mysqli->query()
#1 /var/www/menuscanorder/vendor/codeigniter4/framework/system/Database/BaseConnection.php(722): CodeIgniter\Database\MySQLi\Connection->execute()
#2 /var/www/menuscanorder/vendor/codeigniter4/framework/system/Database/BaseConnection.php(636): CodeIgniter\Database\BaseConnection->simpleQuery()
#3 /var/www/menuscanorder/vendor/codeigniter4/framework/system/Database/BaseBuilder.php(2325): CodeIgniter\Database\BaseConnection->query()
#4 /var/www/menuscanorder/app/Database/Seeds/MenuDataSeeder.php(37): CodeIgniter\Database\BaseBuilder->insert()
#5 /var/www/menuscanorder/vendor/codeigniter4/framework/system/Database/Seeder.php(147): App\Database\Seeds\MenuDataSeeder->run()
#6 /var/www/menuscanorder/vendor/codeigniter4/framework/system/Commands/Database/Seed.php(79): CodeIgniter\Database\Seeder->call()
#7 /var/www/menuscanorder/vendor/codeigniter4/framework/system/CLI/Commands.php(70): CodeIgniter\Commands\Database\Seed->run()
#8 /var/www/menuscanorder/vendor/codeigniter4/framework/system/CLI/Console.php(48): CodeIgniter\CLI\Commands->run()
#9 /var/www/menuscanorder/vendor/codeigniter4/framework/system/Boot.php(338): CodeIgniter\CLI\Console->run()
#10 /var/www/menuscanorder/vendor/codeigniter4/framework/system/Boot.php(104): CodeIgniter\Boot::runCommand()
#11 /var/www/menuscanorder/spark(84): CodeIgniter\Boot::bootSpark()
#12 {main}
