ERROR - 2024-04-24 14:41:51 --> mysqli_sql_exception: Can't DROP 'Dishes_category_id_foreign'; check that column/key exists in /var/www/menuscanorder/vendor/codeigniter4/framework/system/Database/MySQLi/Connection.php:308
Stack trace:
#0 /var/www/menuscanorder/vendor/codeigniter4/framework/system/Database/MySQLi/Connection.php(308): mysqli->query()
#1 /var/www/menuscanorder/vendor/codeigniter4/framework/system/Database/BaseConnection.php(722): CodeIgniter\Database\MySQLi\Connection->execute()
#2 /var/www/menuscanorder/vendor/codeigniter4/framework/system/Database/BaseConnection.php(636): CodeIgniter\Database\BaseConnection->simpleQuery()
#3 /var/www/menuscanorder/vendor/codeigniter4/framework/system/Database/Forge.php(539): CodeIgniter\Database\BaseConnection->query()
#4 /var/www/menuscanorder/app/Database/Migrations/2024-04-24-112323_AddCategoryToDishes.php(31): CodeIgniter\Database\Forge->dropForeignKey()
#5 /var/www/menuscanorder/vendor/codeigniter4/framework/system/Database/MigrationRunner.php(867): App\Database\Migrations\AddCategoryToDishes->down()
#6 /var/www/menuscanorder/vendor/codeigniter4/framework/system/Database/MigrationRunner.php(290): CodeIgniter\Database\MigrationRunner->migrate()
#7 /var/www/menuscanorder/vendor/codeigniter4/framework/system/Commands/Database/MigrateRollback.php(87): CodeIgniter\Database\MigrationRunner->regress()
#8 /var/www/menuscanorder/vendor/codeigniter4/framework/system/CLI/Commands.php(70): CodeIgniter\Commands\Database\MigrateRollback->run()
#9 /var/www/menuscanorder/vendor/codeigniter4/framework/system/CLI/Console.php(48): CodeIgniter\CLI\Commands->run()
#10 /var/www/menuscanorder/vendor/codeigniter4/framework/system/Boot.php(338): CodeIgniter\CLI\Console->run()
#11 /var/www/menuscanorder/vendor/codeigniter4/framework/system/Boot.php(104): CodeIgniter\Boot::runCommand()
#12 /var/www/menuscanorder/spark(84): CodeIgniter\Boot::bootSpark()
#13 {main}
ERROR - 2024-04-24 14:42:31 --> mysqli_sql_exception: Can't DROP 'Dishes_category_id_foreign'; check that column/key exists in /var/www/menuscanorder/vendor/codeigniter4/framework/system/Database/MySQLi/Connection.php:308
Stack trace:
#0 /var/www/menuscanorder/vendor/codeigniter4/framework/system/Database/MySQLi/Connection.php(308): mysqli->query()
#1 /var/www/menuscanorder/vendor/codeigniter4/framework/system/Database/BaseConnection.php(722): CodeIgniter\Database\MySQLi\Connection->execute()
#2 /var/www/menuscanorder/vendor/codeigniter4/framework/system/Database/BaseConnection.php(636): CodeIgniter\Database\BaseConnection->simpleQuery()
#3 /var/www/menuscanorder/vendor/codeigniter4/framework/system/Database/Forge.php(539): CodeIgniter\Database\BaseConnection->query()
#4 /var/www/menuscanorder/app/Database/Migrations/2024-04-24-112323_AddCategoryToDishes.php(25): CodeIgniter\Database\Forge->dropForeignKey()
#5 /var/www/menuscanorder/vendor/codeigniter4/framework/system/Database/MigrationRunner.php(867): App\Database\Migrations\AddCategoryToDishes->down()
#6 /var/www/menuscanorder/vendor/codeigniter4/framework/system/Database/MigrationRunner.php(290): CodeIgniter\Database\MigrationRunner->migrate()
#7 /var/www/menuscanorder/vendor/codeigniter4/framework/system/Commands/Database/MigrateRollback.php(87): CodeIgniter\Database\MigrationRunner->regress()
#8 /var/www/menuscanorder/vendor/codeigniter4/framework/system/CLI/Commands.php(70): CodeIgniter\Commands\Database\MigrateRollback->run()
#9 /var/www/menuscanorder/vendor/codeigniter4/framework/system/CLI/Console.php(48): CodeIgniter\CLI\Commands->run()
#10 /var/www/menuscanorder/vendor/codeigniter4/framework/system/Boot.php(338): CodeIgniter\CLI\Console->run()
#11 /var/www/menuscanorder/vendor/codeigniter4/framework/system/Boot.php(104): CodeIgniter\Boot::runCommand()
#12 /var/www/menuscanorder/spark(84): CodeIgniter\Boot::bootSpark()
#13 {main}
ERROR - 2024-04-24 14:43:49 --> mysqli_sql_exception: Can't DROP 'category_id'; check that column/key exists in /var/www/menuscanorder/vendor/codeigniter4/framework/system/Database/MySQLi/Connection.php:308
Stack trace:
#0 /var/www/menuscanorder/vendor/codeigniter4/framework/system/Database/MySQLi/Connection.php(308): mysqli->query()
#1 /var/www/menuscanorder/vendor/codeigniter4/framework/system/Database/BaseConnection.php(722): CodeIgniter\Database\MySQLi\Connection->execute()
#2 /var/www/menuscanorder/vendor/codeigniter4/framework/system/Database/BaseConnection.php(636): CodeIgniter\Database\BaseConnection->simpleQuery()
#3 /var/www/menuscanorder/vendor/codeigniter4/framework/system/Database/Forge.php(539): CodeIgniter\Database\BaseConnection->query()
#4 /var/www/menuscanorder/app/Database/Migrations/2024-04-24-112323_AddCategoryToDishes.php(26): CodeIgniter\Database\Forge->dropForeignKey()
#5 /var/www/menuscanorder/vendor/codeigniter4/framework/system/Database/MigrationRunner.php(867): App\Database\Migrations\AddCategoryToDishes->down()
#6 /var/www/menuscanorder/vendor/codeigniter4/framework/system/Database/MigrationRunner.php(290): CodeIgniter\Database\MigrationRunner->migrate()
#7 /var/www/menuscanorder/vendor/codeigniter4/framework/system/Commands/Database/MigrateRollback.php(87): CodeIgniter\Database\MigrationRunner->regress()
#8 /var/www/menuscanorder/vendor/codeigniter4/framework/system/CLI/Commands.php(70): CodeIgniter\Commands\Database\MigrateRollback->run()
#9 /var/www/menuscanorder/vendor/codeigniter4/framework/system/CLI/Console.php(48): CodeIgniter\CLI\Commands->run()
#10 /var/www/menuscanorder/vendor/codeigniter4/framework/system/Boot.php(338): CodeIgniter\CLI\Console->run()
#11 /var/www/menuscanorder/vendor/codeigniter4/framework/system/Boot.php(104): CodeIgniter\Boot::runCommand()
#12 /var/www/menuscanorder/spark(84): CodeIgniter\Boot::bootSpark()
#13 {main}
ERROR - 2024-04-24 14:52:43 --> mysqli_sql_exception: Can't DROP 'category_id'; check that column/key exists in /var/www/menuscanorder/vendor/codeigniter4/framework/system/Database/MySQLi/Connection.php:308
Stack trace:
#0 /var/www/menuscanorder/vendor/codeigniter4/framework/system/Database/MySQLi/Connection.php(308): mysqli->query()
#1 /var/www/menuscanorder/vendor/codeigniter4/framework/system/Database/BaseConnection.php(722): CodeIgniter\Database\MySQLi\Connection->execute()
#2 /var/www/menuscanorder/vendor/codeigniter4/framework/system/Database/BaseConnection.php(636): CodeIgniter\Database\BaseConnection->simpleQuery()
#3 /var/www/menuscanorder/vendor/codeigniter4/framework/system/Database/Forge.php(539): CodeIgniter\Database\BaseConnection->query()
#4 /var/www/menuscanorder/app/Database/Migrations/2024-04-24-112323_AddCategoryToDishes.php(33): CodeIgniter\Database\Forge->dropForeignKey()
#5 /var/www/menuscanorder/vendor/codeigniter4/framework/system/Database/MigrationRunner.php(867): App\Database\Migrations\AddCategoryToDishes->down()
#6 /var/www/menuscanorder/vendor/codeigniter4/framework/system/Database/MigrationRunner.php(290): CodeIgniter\Database\MigrationRunner->migrate()
#7 /var/www/menuscanorder/vendor/codeigniter4/framework/system/Commands/Database/MigrateRollback.php(87): CodeIgniter\Database\MigrationRunner->regress()
#8 /var/www/menuscanorder/vendor/codeigniter4/framework/system/CLI/Commands.php(70): CodeIgniter\Commands\Database\MigrateRollback->run()
#9 /var/www/menuscanorder/vendor/codeigniter4/framework/system/CLI/Console.php(48): CodeIgniter\CLI\Commands->run()
#10 /var/www/menuscanorder/vendor/codeigniter4/framework/system/Boot.php(338): CodeIgniter\CLI\Console->run()
#11 /var/www/menuscanorder/vendor/codeigniter4/framework/system/Boot.php(104): CodeIgniter\Boot::runCommand()
#12 /var/www/menuscanorder/spark(84): CodeIgniter\Boot::bootSpark()
#13 {main}
ERROR - 2024-04-24 14:52:52 --> mysqli_sql_exception: Can't DROP 'category_id'; check that column/key exists in /var/www/menuscanorder/vendor/codeigniter4/framework/system/Database/MySQLi/Connection.php:308
Stack trace:
#0 /var/www/menuscanorder/vendor/codeigniter4/framework/system/Database/MySQLi/Connection.php(308): mysqli->query()
#1 /var/www/menuscanorder/vendor/codeigniter4/framework/system/Database/BaseConnection.php(722): CodeIgniter\Database\MySQLi\Connection->execute()
#2 /var/www/menuscanorder/vendor/codeigniter4/framework/system/Database/BaseConnection.php(636): CodeIgniter\Database\BaseConnection->simpleQuery()
#3 /var/www/menuscanorder/vendor/codeigniter4/framework/system/Database/Forge.php(539): CodeIgniter\Database\BaseConnection->query()
#4 /var/www/menuscanorder/app/Database/Migrations/2024-04-24-112323_AddCategoryToDishes.php(33): CodeIgniter\Database\Forge->dropForeignKey()
#5 /var/www/menuscanorder/vendor/codeigniter4/framework/system/Database/MigrationRunner.php(867): App\Database\Migrations\AddCategoryToDishes->down()
#6 /var/www/menuscanorder/vendor/codeigniter4/framework/system/Database/MigrationRunner.php(290): CodeIgniter\Database\MigrationRunner->migrate()
#7 /var/www/menuscanorder/vendor/codeigniter4/framework/system/Commands/Database/MigrateRollback.php(87): CodeIgniter\Database\MigrationRunner->regress()
#8 /var/www/menuscanorder/vendor/codeigniter4/framework/system/CLI/Commands.php(70): CodeIgniter\Commands\Database\MigrateRollback->run()
#9 /var/www/menuscanorder/vendor/codeigniter4/framework/system/CLI/Console.php(48): CodeIgniter\CLI\Commands->run()
#10 /var/www/menuscanorder/vendor/codeigniter4/framework/system/Boot.php(338): CodeIgniter\CLI\Console->run()
#11 /var/www/menuscanorder/vendor/codeigniter4/framework/system/Boot.php(104): CodeIgniter\Boot::runCommand()
#12 /var/www/menuscanorder/spark(84): CodeIgniter\Boot::bootSpark()
#13 {main}
ERROR - 2024-04-24 15:00:35 --> mysqli_sql_exception: Unknown table 'menuscanorder.Category' in /var/www/menuscanorder/vendor/codeigniter4/framework/system/Database/MySQLi/Connection.php:308
Stack trace:
#0 /var/www/menuscanorder/vendor/codeigniter4/framework/system/Database/MySQLi/Connection.php(308): mysqli->query()
#1 /var/www/menuscanorder/vendor/codeigniter4/framework/system/Database/BaseConnection.php(722): CodeIgniter\Database\MySQLi\Connection->execute()
#2 /var/www/menuscanorder/vendor/codeigniter4/framework/system/Database/BaseConnection.php(636): CodeIgniter\Database\BaseConnection->simpleQuery()
#3 /var/www/menuscanorder/vendor/codeigniter4/framework/system/Database/Forge.php(663): CodeIgniter\Database\BaseConnection->query()
#4 /var/www/menuscanorder/app/Database/Migrations/2024-04-24-112222_CreateCategoryTable.php(32): CodeIgniter\Database\Forge->dropTable()
#5 /var/www/menuscanorder/vendor/codeigniter4/framework/system/Database/MigrationRunner.php(867): App\Database\Migrations\CreateCategoryTable->down()
#6 /var/www/menuscanorder/vendor/codeigniter4/framework/system/Database/MigrationRunner.php(290): CodeIgniter\Database\MigrationRunner->migrate()
#7 /var/www/menuscanorder/vendor/codeigniter4/framework/system/Commands/Database/MigrateRollback.php(87): CodeIgniter\Database\MigrationRunner->regress()
#8 /var/www/menuscanorder/vendor/codeigniter4/framework/system/CLI/Commands.php(70): CodeIgniter\Commands\Database\MigrateRollback->run()
#9 /var/www/menuscanorder/vendor/codeigniter4/framework/system/CLI/Console.php(48): CodeIgniter\CLI\Commands->run()
#10 /var/www/menuscanorder/vendor/codeigniter4/framework/system/Boot.php(338): CodeIgniter\CLI\Console->run()
#11 /var/www/menuscanorder/vendor/codeigniter4/framework/system/Boot.php(104): CodeIgniter\Boot::runCommand()
#12 /var/www/menuscanorder/spark(84): CodeIgniter\Boot::bootSpark()
#13 {main}
ERROR - 2024-04-24 15:07:39 --> mysqli_sql_exception: Cannot drop column 'milk_choose': needed in a foreign key constraint 'fk_dishes_milk' in /var/www/menuscanorder/vendor/codeigniter4/framework/system/Database/MySQLi/Connection.php:308
Stack trace:
#0 /var/www/menuscanorder/vendor/codeigniter4/framework/system/Database/MySQLi/Connection.php(308): mysqli->query()
#1 /var/www/menuscanorder/vendor/codeigniter4/framework/system/Database/BaseConnection.php(722): CodeIgniter\Database\MySQLi\Connection->execute()
#2 /var/www/menuscanorder/vendor/codeigniter4/framework/system/Database/BaseConnection.php(636): CodeIgniter\Database\BaseConnection->simpleQuery()
#3 /var/www/menuscanorder/vendor/codeigniter4/framework/system/Database/Forge.php(799): CodeIgniter\Database\BaseConnection->query()
#4 /var/www/menuscanorder/app/Database/Migrations/2024-04-24-112323_AddCategoryToDishes.php(32): CodeIgniter\Database\Forge->dropColumn()
#5 /var/www/menuscanorder/vendor/codeigniter4/framework/system/Database/MigrationRunner.php(867): App\Database\Migrations\AddCategoryToDishes->down()
#6 /var/www/menuscanorder/vendor/codeigniter4/framework/system/Database/MigrationRunner.php(290): CodeIgniter\Database\MigrationRunner->migrate()
#7 /var/www/menuscanorder/vendor/codeigniter4/framework/system/Commands/Database/MigrateRollback.php(87): CodeIgniter\Database\MigrationRunner->regress()
#8 /var/www/menuscanorder/vendor/codeigniter4/framework/system/CLI/Commands.php(70): CodeIgniter\Commands\Database\MigrateRollback->run()
#9 /var/www/menuscanorder/vendor/codeigniter4/framework/system/CLI/Console.php(48): CodeIgniter\CLI\Commands->run()
#10 /var/www/menuscanorder/vendor/codeigniter4/framework/system/Boot.php(338): CodeIgniter\CLI\Console->run()
#11 /var/www/menuscanorder/vendor/codeigniter4/framework/system/Boot.php(104): CodeIgniter\Boot::runCommand()
#12 /var/www/menuscanorder/spark(84): CodeIgniter\Boot::bootSpark()
#13 {main}
ERROR - 2024-04-24 15:08:35 --> mysqli_sql_exception: Can't DROP 'k_dishes_category'; check that column/key exists in /var/www/menuscanorder/vendor/codeigniter4/framework/system/Database/MySQLi/Connection.php:308
Stack trace:
#0 /var/www/menuscanorder/vendor/codeigniter4/framework/system/Database/MySQLi/Connection.php(308): mysqli->query()
#1 /var/www/menuscanorder/vendor/codeigniter4/framework/system/Database/BaseConnection.php(722): CodeIgniter\Database\MySQLi\Connection->execute()
#2 /var/www/menuscanorder/vendor/codeigniter4/framework/system/Database/BaseConnection.php(636): CodeIgniter\Database\BaseConnection->simpleQuery()
#3 /var/www/menuscanorder/vendor/codeigniter4/framework/system/Database/Forge.php(539): CodeIgniter\Database\BaseConnection->query()
#4 /var/www/menuscanorder/app/Database/Migrations/2024-04-24-112323_AddCategoryToDishes.php(36): CodeIgniter\Database\Forge->dropForeignKey()
#5 /var/www/menuscanorder/vendor/codeigniter4/framework/system/Database/MigrationRunner.php(867): App\Database\Migrations\AddCategoryToDishes->down()
#6 /var/www/menuscanorder/vendor/codeigniter4/framework/system/Database/MigrationRunner.php(290): CodeIgniter\Database\MigrationRunner->migrate()
#7 /var/www/menuscanorder/vendor/codeigniter4/framework/system/Commands/Database/MigrateRollback.php(87): CodeIgniter\Database\MigrationRunner->regress()
#8 /var/www/menuscanorder/vendor/codeigniter4/framework/system/CLI/Commands.php(70): CodeIgniter\Commands\Database\MigrateRollback->run()
#9 /var/www/menuscanorder/vendor/codeigniter4/framework/system/CLI/Console.php(48): CodeIgniter\CLI\Commands->run()
#10 /var/www/menuscanorder/vendor/codeigniter4/framework/system/Boot.php(338): CodeIgniter\CLI\Console->run()
#11 /var/www/menuscanorder/vendor/codeigniter4/framework/system/Boot.php(104): CodeIgniter\Boot::runCommand()
#12 /var/www/menuscanorder/spark(84): CodeIgniter\Boot::bootSpark()
#13 {main}
ERROR - 2024-04-24 15:09:02 --> mysqli_sql_exception: Can't DROP 'fk_dishes_milk'; check that column/key exists in /var/www/menuscanorder/vendor/codeigniter4/framework/system/Database/MySQLi/Connection.php:308
Stack trace:
#0 /var/www/menuscanorder/vendor/codeigniter4/framework/system/Database/MySQLi/Connection.php(308): mysqli->query()
#1 /var/www/menuscanorder/vendor/codeigniter4/framework/system/Database/BaseConnection.php(722): CodeIgniter\Database\MySQLi\Connection->execute()
#2 /var/www/menuscanorder/vendor/codeigniter4/framework/system/Database/BaseConnection.php(636): CodeIgniter\Database\BaseConnection->simpleQuery()
#3 /var/www/menuscanorder/vendor/codeigniter4/framework/system/Database/Forge.php(539): CodeIgniter\Database\BaseConnection->query()
#4 /var/www/menuscanorder/app/Database/Migrations/2024-04-24-112323_AddCategoryToDishes.php(35): CodeIgniter\Database\Forge->dropForeignKey()
#5 /var/www/menuscanorder/vendor/codeigniter4/framework/system/Database/MigrationRunner.php(867): App\Database\Migrations\AddCategoryToDishes->down()
#6 /var/www/menuscanorder/vendor/codeigniter4/framework/system/Database/MigrationRunner.php(290): CodeIgniter\Database\MigrationRunner->migrate()
#7 /var/www/menuscanorder/vendor/codeigniter4/framework/system/Commands/Database/MigrateRollback.php(87): CodeIgniter\Database\MigrationRunner->regress()
#8 /var/www/menuscanorder/vendor/codeigniter4/framework/system/CLI/Commands.php(70): CodeIgniter\Commands\Database\MigrateRollback->run()
#9 /var/www/menuscanorder/vendor/codeigniter4/framework/system/CLI/Console.php(48): CodeIgniter\CLI\Commands->run()
#10 /var/www/menuscanorder/vendor/codeigniter4/framework/system/Boot.php(338): CodeIgniter\CLI\Console->run()
#11 /var/www/menuscanorder/vendor/codeigniter4/framework/system/Boot.php(104): CodeIgniter\Boot::runCommand()
#12 /var/www/menuscanorder/spark(84): CodeIgniter\Boot::bootSpark()
#13 {main}
