INFO - 2024-05-09 03:51:42 --> Session: Class initialized using 'CodeIgniter\Session\Handlers\FileHandler' driver.
WARNING - 2024-05-09 03:51:42 --> [DEPRECATED] Creation of dynamic property App\Controllers\menuController::$session is deprecated in APPPATH/Controllers/MenuController.php on line 15.
 1 SYSTEMPATH/CodeIgniter.php(903): App\Controllers\menuController->__construct()
 2 SYSTEMPATH/CodeIgniter.php(500): CodeIgniter\CodeIgniter->createController()
 3 SYSTEMPATH/CodeIgniter.php(355): CodeIgniter\CodeIgniter->handleRequest(null, Object(Config\Cache), false)
 4 SYSTEMPATH/Boot.php(312): CodeIgniter\CodeIgniter->run()
 5 SYSTEMPATH/Boot.php(67): CodeIgniter\Boot::runCodeIgniter(Object(CodeIgniter\CodeIgniter))
 6 FCPATH/index.php(56): CodeIgniter\Boot::bootWeb(Object(Config\Paths))
 7 SYSTEMPATH/Commands/Server/rewrite.php(49): require_once('/Users/Danny/Desktop/Danny/menuscanorder/public/index.php')
INFO - 2024-05-09 03:51:47 --> Session: Class initialized using 'CodeIgniter\Session\Handlers\FileHandler' driver.
WARNING - 2024-05-09 03:51:47 --> [DEPRECATED] Creation of dynamic property App\Controllers\menuController::$session is deprecated in APPPATH/Controllers/MenuController.php on line 15.
 1 SYSTEMPATH/CodeIgniter.php(903): App\Controllers\menuController->__construct()
 2 SYSTEMPATH/CodeIgniter.php(500): CodeIgniter\CodeIgniter->createController()
 3 SYSTEMPATH/CodeIgniter.php(355): CodeIgniter\CodeIgniter->handleRequest(null, Object(Config\Cache), false)
 4 SYSTEMPATH/Boot.php(312): CodeIgniter\CodeIgniter->run()
 5 SYSTEMPATH/Boot.php(67): CodeIgniter\Boot::runCodeIgniter(Object(CodeIgniter\CodeIgniter))
 6 FCPATH/index.php(56): CodeIgniter\Boot::bootWeb(Object(Config\Paths))
 7 SYSTEMPATH/Commands/Server/rewrite.php(49): require_once('/Users/Danny/Desktop/Danny/menuscanorder/public/index.php')
INFO - 2024-05-09 03:51:48 --> Session: Class initialized using 'CodeIgniter\Session\Handlers\FileHandler' driver.
WARNING - 2024-05-09 03:51:48 --> [DEPRECATED] Creation of dynamic property App\Controllers\menuController::$session is deprecated in APPPATH/Controllers/MenuController.php on line 15.
 1 SYSTEMPATH/CodeIgniter.php(903): App\Controllers\menuController->__construct()
 2 SYSTEMPATH/CodeIgniter.php(500): CodeIgniter\CodeIgniter->createController()
 3 SYSTEMPATH/CodeIgniter.php(355): CodeIgniter\CodeIgniter->handleRequest(null, Object(Config\Cache), false)
 4 SYSTEMPATH/Boot.php(312): CodeIgniter\CodeIgniter->run()
 5 SYSTEMPATH/Boot.php(67): CodeIgniter\Boot::runCodeIgniter(Object(CodeIgniter\CodeIgniter))
 6 FCPATH/index.php(56): CodeIgniter\Boot::bootWeb(Object(Config\Paths))
 7 SYSTEMPATH/Commands/Server/rewrite.php(49): require_once('/Users/Danny/Desktop/Danny/menuscanorder/public/index.php')
INFO - 2024-05-09 03:52:09 --> Session: Class initialized using 'CodeIgniter\Session\Handlers\FileHandler' driver.
WARNING - 2024-05-09 03:52:09 --> [DEPRECATED] Creation of dynamic property App\Controllers\menuController::$session is deprecated in APPPATH/Controllers/MenuController.php on line 15.
 1 SYSTEMPATH/CodeIgniter.php(903): App\Controllers\menuController->__construct()
 2 SYSTEMPATH/CodeIgniter.php(500): CodeIgniter\CodeIgniter->createController()
 3 SYSTEMPATH/CodeIgniter.php(355): CodeIgniter\CodeIgniter->handleRequest(null, Object(Config\Cache), false)
 4 SYSTEMPATH/Boot.php(312): CodeIgniter\CodeIgniter->run()
 5 SYSTEMPATH/Boot.php(67): CodeIgniter\Boot::runCodeIgniter(Object(CodeIgniter\CodeIgniter))
 6 FCPATH/index.php(56): CodeIgniter\Boot::bootWeb(Object(Config\Paths))
 7 SYSTEMPATH/Commands/Server/rewrite.php(49): require_once('/Users/Danny/Desktop/Danny/menuscanorder/public/index.php')
INFO - 2024-05-09 04:04:02 --> Session: Class initialized using 'CodeIgniter\Session\Handlers\FileHandler' driver.
WARNING - 2024-05-09 04:04:02 --> [DEPRECATED] Creation of dynamic property App\Controllers\menuController::$session is deprecated in APPPATH/Controllers/MenuController.php on line 15.
 1 SYSTEMPATH/CodeIgniter.php(903): App\Controllers\menuController->__construct()
 2 SYSTEMPATH/CodeIgniter.php(500): CodeIgniter\CodeIgniter->createController()
 3 SYSTEMPATH/CodeIgniter.php(355): CodeIgniter\CodeIgniter->handleRequest(null, Object(Config\Cache), false)
 4 SYSTEMPATH/Boot.php(312): CodeIgniter\CodeIgniter->run()
 5 SYSTEMPATH/Boot.php(67): CodeIgniter\Boot::runCodeIgniter(Object(CodeIgniter\CodeIgniter))
 6 FCPATH/index.php(56): CodeIgniter\Boot::bootWeb(Object(Config\Paths))
 7 SYSTEMPATH/Commands/Server/rewrite.php(49): require_once('/Users/Danny/Desktop/Danny/menuscanorder/public/index.php')
INFO - 2024-05-09 04:04:03 --> Session: Class initialized using 'CodeIgniter\Session\Handlers\FileHandler' driver.
WARNING - 2024-05-09 04:04:03 --> [DEPRECATED] Creation of dynamic property App\Controllers\menuController::$session is deprecated in APPPATH/Controllers/MenuController.php on line 15.
 1 SYSTEMPATH/CodeIgniter.php(903): App\Controllers\menuController->__construct()
 2 SYSTEMPATH/CodeIgniter.php(500): CodeIgniter\CodeIgniter->createController()
 3 SYSTEMPATH/CodeIgniter.php(355): CodeIgniter\CodeIgniter->handleRequest(null, Object(Config\Cache), false)
 4 SYSTEMPATH/Boot.php(312): CodeIgniter\CodeIgniter->run()
 5 SYSTEMPATH/Boot.php(67): CodeIgniter\Boot::runCodeIgniter(Object(CodeIgniter\CodeIgniter))
 6 FCPATH/index.php(56): CodeIgniter\Boot::bootWeb(Object(Config\Paths))
 7 SYSTEMPATH/Commands/Server/rewrite.php(49): require_once('/Users/Danny/Desktop/Danny/menuscanorder/public/index.php')
INFO - 2024-05-09 04:04:19 --> Session: Class initialized using 'CodeIgniter\Session\Handlers\FileHandler' driver.
WARNING - 2024-05-09 04:04:19 --> [DEPRECATED] Creation of dynamic property App\Controllers\menuController::$session is deprecated in APPPATH/Controllers/MenuController.php on line 15.
 1 SYSTEMPATH/CodeIgniter.php(903): App\Controllers\menuController->__construct()
 2 SYSTEMPATH/CodeIgniter.php(500): CodeIgniter\CodeIgniter->createController()
 3 SYSTEMPATH/CodeIgniter.php(355): CodeIgniter\CodeIgniter->handleRequest(null, Object(Config\Cache), false)
 4 SYSTEMPATH/Boot.php(312): CodeIgniter\CodeIgniter->run()
 5 SYSTEMPATH/Boot.php(67): CodeIgniter\Boot::runCodeIgniter(Object(CodeIgniter\CodeIgniter))
 6 FCPATH/index.php(56): CodeIgniter\Boot::bootWeb(Object(Config\Paths))
 7 SYSTEMPATH/Commands/Server/rewrite.php(49): require_once('/Users/Danny/Desktop/Danny/menuscanorder/public/index.php')
INFO - 2024-05-09 04:04:26 --> Session: Class initialized using 'CodeIgniter\Session\Handlers\FileHandler' driver.
WARNING - 2024-05-09 04:04:26 --> [DEPRECATED] Creation of dynamic property App\Controllers\menuController::$session is deprecated in APPPATH/Controllers/MenuController.php on line 15.
 1 SYSTEMPATH/CodeIgniter.php(903): App\Controllers\menuController->__construct()
 2 SYSTEMPATH/CodeIgniter.php(500): CodeIgniter\CodeIgniter->createController()
 3 SYSTEMPATH/CodeIgniter.php(355): CodeIgniter\CodeIgniter->handleRequest(null, Object(Config\Cache), false)
 4 SYSTEMPATH/Boot.php(312): CodeIgniter\CodeIgniter->run()
 5 SYSTEMPATH/Boot.php(67): CodeIgniter\Boot::runCodeIgniter(Object(CodeIgniter\CodeIgniter))
 6 FCPATH/index.php(56): CodeIgniter\Boot::bootWeb(Object(Config\Paths))
 7 SYSTEMPATH/Commands/Server/rewrite.php(49): require_once('/Users/Danny/Desktop/Danny/menuscanorder/public/index.php')
INFO - 2024-05-09 04:05:08 --> Session: Class initialized using 'CodeIgniter\Session\Handlers\FileHandler' driver.
WARNING - 2024-05-09 04:05:08 --> [DEPRECATED] Creation of dynamic property App\Controllers\menuController::$session is deprecated in APPPATH/Controllers/MenuController.php on line 15.
 1 SYSTEMPATH/CodeIgniter.php(903): App\Controllers\menuController->__construct()
 2 SYSTEMPATH/CodeIgniter.php(500): CodeIgniter\CodeIgniter->createController()
 3 SYSTEMPATH/CodeIgniter.php(355): CodeIgniter\CodeIgniter->handleRequest(null, Object(Config\Cache), false)
 4 SYSTEMPATH/Boot.php(312): CodeIgniter\CodeIgniter->run()
 5 SYSTEMPATH/Boot.php(67): CodeIgniter\Boot::runCodeIgniter(Object(CodeIgniter\CodeIgniter))
 6 FCPATH/index.php(56): CodeIgniter\Boot::bootWeb(Object(Config\Paths))
 7 SYSTEMPATH/Commands/Server/rewrite.php(49): require_once('/Users/Danny/Desktop/Danny/menuscanorder/public/index.php')
INFO - 2024-05-09 04:05:48 --> Session: Class initialized using 'CodeIgniter\Session\Handlers\FileHandler' driver.
WARNING - 2024-05-09 04:05:48 --> [DEPRECATED] Creation of dynamic property App\Controllers\menuController::$session is deprecated in APPPATH/Controllers/MenuController.php on line 15.
 1 SYSTEMPATH/CodeIgniter.php(903): App\Controllers\menuController->__construct()
 2 SYSTEMPATH/CodeIgniter.php(500): CodeIgniter\CodeIgniter->createController()
 3 SYSTEMPATH/CodeIgniter.php(355): CodeIgniter\CodeIgniter->handleRequest(null, Object(Config\Cache), false)
 4 SYSTEMPATH/Boot.php(312): CodeIgniter\CodeIgniter->run()
 5 SYSTEMPATH/Boot.php(67): CodeIgniter\Boot::runCodeIgniter(Object(CodeIgniter\CodeIgniter))
 6 FCPATH/index.php(56): CodeIgniter\Boot::bootWeb(Object(Config\Paths))
 7 SYSTEMPATH/Commands/Server/rewrite.php(49): require_once('/Users/Danny/Desktop/Danny/menuscanorder/public/index.php')
INFO - 2024-05-09 04:05:51 --> Session: Class initialized using 'CodeIgniter\Session\Handlers\FileHandler' driver.
WARNING - 2024-05-09 04:05:51 --> [DEPRECATED] Creation of dynamic property App\Controllers\menuController::$session is deprecated in APPPATH/Controllers/MenuController.php on line 15.
 1 SYSTEMPATH/CodeIgniter.php(903): App\Controllers\menuController->__construct()
 2 SYSTEMPATH/CodeIgniter.php(500): CodeIgniter\CodeIgniter->createController()
 3 SYSTEMPATH/CodeIgniter.php(355): CodeIgniter\CodeIgniter->handleRequest(null, Object(Config\Cache), false)
 4 SYSTEMPATH/Boot.php(312): CodeIgniter\CodeIgniter->run()
 5 SYSTEMPATH/Boot.php(67): CodeIgniter\Boot::runCodeIgniter(Object(CodeIgniter\CodeIgniter))
 6 FCPATH/index.php(56): CodeIgniter\Boot::bootWeb(Object(Config\Paths))
 7 SYSTEMPATH/Commands/Server/rewrite.php(49): require_once('/Users/Danny/Desktop/Danny/menuscanorder/public/index.php')
INFO - 2024-05-09 04:05:58 --> Session: Class initialized using 'CodeIgniter\Session\Handlers\FileHandler' driver.
WARNING - 2024-05-09 04:05:58 --> [DEPRECATED] Creation of dynamic property App\Controllers\menuController::$session is deprecated in APPPATH/Controllers/MenuController.php on line 15.
 1 SYSTEMPATH/CodeIgniter.php(903): App\Controllers\menuController->__construct()
 2 SYSTEMPATH/CodeIgniter.php(500): CodeIgniter\CodeIgniter->createController()
 3 SYSTEMPATH/CodeIgniter.php(355): CodeIgniter\CodeIgniter->handleRequest(null, Object(Config\Cache), false)
 4 SYSTEMPATH/Boot.php(312): CodeIgniter\CodeIgniter->run()
 5 SYSTEMPATH/Boot.php(67): CodeIgniter\Boot::runCodeIgniter(Object(CodeIgniter\CodeIgniter))
 6 FCPATH/index.php(56): CodeIgniter\Boot::bootWeb(Object(Config\Paths))
 7 SYSTEMPATH/Commands/Server/rewrite.php(49): require_once('/Users/Danny/Desktop/Danny/menuscanorder/public/index.php')
INFO - 2024-05-09 05:04:18 --> Session: Class initialized using 'CodeIgniter\Session\Handlers\FileHandler' driver.
WARNING - 2024-05-09 05:04:18 --> [DEPRECATED] Creation of dynamic property App\Controllers\menuController::$session is deprecated in APPPATH/Controllers/MenuController.php on line 15.
 1 SYSTEMPATH/CodeIgniter.php(903): App\Controllers\menuController->__construct()
 2 SYSTEMPATH/CodeIgniter.php(500): CodeIgniter\CodeIgniter->createController()
 3 SYSTEMPATH/CodeIgniter.php(355): CodeIgniter\CodeIgniter->handleRequest(null, Object(Config\Cache), false)
 4 SYSTEMPATH/Boot.php(312): CodeIgniter\CodeIgniter->run()
 5 SYSTEMPATH/Boot.php(67): CodeIgniter\Boot::runCodeIgniter(Object(CodeIgniter\CodeIgniter))
 6 FCPATH/index.php(56): CodeIgniter\Boot::bootWeb(Object(Config\Paths))
 7 SYSTEMPATH/Commands/Server/rewrite.php(49): require_once('/Users/Danny/Desktop/Danny/menuscanorder/public/index.php')
INFO - 2024-05-09 05:18:36 --> Session: Class initialized using 'CodeIgniter\Session\Handlers\FileHandler' driver.
WARNING - 2024-05-09 05:18:36 --> [DEPRECATED] Creation of dynamic property App\Controllers\menuController::$session is deprecated in APPPATH/Controllers/MenuController.php on line 15.
 1 SYSTEMPATH/CodeIgniter.php(903): App\Controllers\menuController->__construct()
 2 SYSTEMPATH/CodeIgniter.php(500): CodeIgniter\CodeIgniter->createController()
 3 SYSTEMPATH/CodeIgniter.php(355): CodeIgniter\CodeIgniter->handleRequest(null, Object(Config\Cache), false)
 4 SYSTEMPATH/Boot.php(312): CodeIgniter\CodeIgniter->run()
 5 SYSTEMPATH/Boot.php(67): CodeIgniter\Boot::runCodeIgniter(Object(CodeIgniter\CodeIgniter))
 6 FCPATH/index.php(56): CodeIgniter\Boot::bootWeb(Object(Config\Paths))
 7 SYSTEMPATH/Commands/Server/rewrite.php(49): require_once('/Users/Danny/Desktop/Danny/menuscanorder/public/index.php')
INFO - 2024-05-09 05:19:29 --> Session: Class initialized using 'CodeIgniter\Session\Handlers\FileHandler' driver.
WARNING - 2024-05-09 05:19:29 --> [DEPRECATED] Creation of dynamic property App\Controllers\menuController::$session is deprecated in APPPATH/Controllers/MenuController.php on line 15.
 1 SYSTEMPATH/CodeIgniter.php(903): App\Controllers\menuController->__construct()
 2 SYSTEMPATH/CodeIgniter.php(500): CodeIgniter\CodeIgniter->createController()
 3 SYSTEMPATH/CodeIgniter.php(355): CodeIgniter\CodeIgniter->handleRequest(null, Object(Config\Cache), false)
 4 SYSTEMPATH/Boot.php(312): CodeIgniter\CodeIgniter->run()
 5 SYSTEMPATH/Boot.php(67): CodeIgniter\Boot::runCodeIgniter(Object(CodeIgniter\CodeIgniter))
 6 FCPATH/index.php(56): CodeIgniter\Boot::bootWeb(Object(Config\Paths))
 7 SYSTEMPATH/Commands/Server/rewrite.php(49): require_once('/Users/Danny/Desktop/Danny/menuscanorder/public/index.php')
INFO - 2024-05-09 05:20:39 --> Session: Class initialized using 'CodeIgniter\Session\Handlers\FileHandler' driver.
WARNING - 2024-05-09 05:20:39 --> [DEPRECATED] Creation of dynamic property App\Controllers\menuController::$session is deprecated in APPPATH/Controllers/MenuController.php on line 15.
 1 SYSTEMPATH/CodeIgniter.php(903): App\Controllers\menuController->__construct()
 2 SYSTEMPATH/CodeIgniter.php(500): CodeIgniter\CodeIgniter->createController()
 3 SYSTEMPATH/CodeIgniter.php(355): CodeIgniter\CodeIgniter->handleRequest(null, Object(Config\Cache), false)
 4 SYSTEMPATH/Boot.php(312): CodeIgniter\CodeIgniter->run()
 5 SYSTEMPATH/Boot.php(67): CodeIgniter\Boot::runCodeIgniter(Object(CodeIgniter\CodeIgniter))
 6 FCPATH/index.php(56): CodeIgniter\Boot::bootWeb(Object(Config\Paths))
 7 SYSTEMPATH/Commands/Server/rewrite.php(49): require_once('/Users/Danny/Desktop/Danny/menuscanorder/public/index.php')
INFO - 2024-05-09 05:22:14 --> Session: Class initialized using 'CodeIgniter\Session\Handlers\FileHandler' driver.
WARNING - 2024-05-09 05:22:14 --> [DEPRECATED] Creation of dynamic property App\Controllers\menuController::$session is deprecated in APPPATH/Controllers/MenuController.php on line 15.
 1 SYSTEMPATH/CodeIgniter.php(903): App\Controllers\menuController->__construct()
 2 SYSTEMPATH/CodeIgniter.php(500): CodeIgniter\CodeIgniter->createController()
 3 SYSTEMPATH/CodeIgniter.php(355): CodeIgniter\CodeIgniter->handleRequest(null, Object(Config\Cache), false)
 4 SYSTEMPATH/Boot.php(312): CodeIgniter\CodeIgniter->run()
 5 SYSTEMPATH/Boot.php(67): CodeIgniter\Boot::runCodeIgniter(Object(CodeIgniter\CodeIgniter))
 6 FCPATH/index.php(56): CodeIgniter\Boot::bootWeb(Object(Config\Paths))
 7 SYSTEMPATH/Commands/Server/rewrite.php(49): require_once('/Users/Danny/Desktop/Danny/menuscanorder/public/index.php')
CRITICAL - 2024-05-09 05:22:14 --> ErrorException: Undefined array key "price"
[Method: GET, Route: order/1/1]
in APPPATH/Views/ordering.php on line 113.
 1 APPPATH/Views/ordering.php(113): CodeIgniter\Debug\Exceptions->errorHandler(2, 'Undefined array key "price"', '/Users/Danny/Desktop/Danny/menuscanorder/app/Views/ordering.php', 113)
 2 SYSTEMPATH/View/View.php(234): include('/Users/Danny/Desktop/Danny/menuscanorder/app/Views/ordering.php')
 3 SYSTEMPATH/View/View.php(237): CodeIgniter\View\View->CodeIgniter\View\{closure}()
 4 SYSTEMPATH/Common.php(1171): CodeIgniter\View\View->render('ordering', [], true)
 5 APPPATH/Controllers/MenuController.php(65): view('ordering', [...])
 6 SYSTEMPATH/CodeIgniter.php(933): App\Controllers\menuController->ordering('1', '1')
 7 SYSTEMPATH/CodeIgniter.php(509): CodeIgniter\CodeIgniter->runController(Object(App\Controllers\menuController))
 8 SYSTEMPATH/CodeIgniter.php(355): CodeIgniter\CodeIgniter->handleRequest(null, Object(Config\Cache), false)
 9 SYSTEMPATH/Boot.php(312): CodeIgniter\CodeIgniter->run()
10 SYSTEMPATH/Boot.php(67): CodeIgniter\Boot::runCodeIgniter(Object(CodeIgniter\CodeIgniter))
11 FCPATH/index.php(56): CodeIgniter\Boot::bootWeb(Object(Config\Paths))
12 SYSTEMPATH/Commands/Server/rewrite.php(49): require_once('/Users/Danny/Desktop/Danny/menuscanorder/public/index.php')
INFO - 2024-05-09 05:22:44 --> Session: Class initialized using 'CodeIgniter\Session\Handlers\FileHandler' driver.
WARNING - 2024-05-09 05:22:44 --> [DEPRECATED] Creation of dynamic property App\Controllers\menuController::$session is deprecated in APPPATH/Controllers/MenuController.php on line 15.
 1 SYSTEMPATH/CodeIgniter.php(903): App\Controllers\menuController->__construct()
 2 SYSTEMPATH/CodeIgniter.php(500): CodeIgniter\CodeIgniter->createController()
 3 SYSTEMPATH/CodeIgniter.php(355): CodeIgniter\CodeIgniter->handleRequest(null, Object(Config\Cache), false)
 4 SYSTEMPATH/Boot.php(312): CodeIgniter\CodeIgniter->run()
 5 SYSTEMPATH/Boot.php(67): CodeIgniter\Boot::runCodeIgniter(Object(CodeIgniter\CodeIgniter))
 6 FCPATH/index.php(56): CodeIgniter\Boot::bootWeb(Object(Config\Paths))
 7 SYSTEMPATH/Commands/Server/rewrite.php(49): require_once('/Users/Danny/Desktop/Danny/menuscanorder/public/index.php')
CRITICAL - 2024-05-09 05:22:44 --> ErrorException: Undefined array key "dishes"
[Method: GET, Route: order/1/1]
in APPPATH/Views/ordering.php on line 113.
 1 APPPATH/Views/ordering.php(113): CodeIgniter\Debug\Exceptions->errorHandler(2, 'Undefined array key "dishes"', '/Users/Danny/Desktop/Danny/menuscanorder/app/Views/ordering.php', 113)
 2 SYSTEMPATH/View/View.php(234): include('/Users/Danny/Desktop/Danny/menuscanorder/app/Views/ordering.php')
 3 SYSTEMPATH/View/View.php(237): CodeIgniter\View\View->CodeIgniter\View\{closure}()
 4 SYSTEMPATH/Common.php(1171): CodeIgniter\View\View->render('ordering', [], true)
 5 APPPATH/Controllers/MenuController.php(65): view('ordering', [...])
 6 SYSTEMPATH/CodeIgniter.php(933): App\Controllers\menuController->ordering('1', '1')
 7 SYSTEMPATH/CodeIgniter.php(509): CodeIgniter\CodeIgniter->runController(Object(App\Controllers\menuController))
 8 SYSTEMPATH/CodeIgniter.php(355): CodeIgniter\CodeIgniter->handleRequest(null, Object(Config\Cache), false)
 9 SYSTEMPATH/Boot.php(312): CodeIgniter\CodeIgniter->run()
10 SYSTEMPATH/Boot.php(67): CodeIgniter\Boot::runCodeIgniter(Object(CodeIgniter\CodeIgniter))
11 FCPATH/index.php(56): CodeIgniter\Boot::bootWeb(Object(Config\Paths))
12 SYSTEMPATH/Commands/Server/rewrite.php(49): require_once('/Users/Danny/Desktop/Danny/menuscanorder/public/index.php')
INFO - 2024-05-09 05:22:45 --> Session: Class initialized using 'CodeIgniter\Session\Handlers\FileHandler' driver.
WARNING - 2024-05-09 05:22:45 --> [DEPRECATED] Creation of dynamic property App\Controllers\menuController::$session is deprecated in APPPATH/Controllers/MenuController.php on line 15.
 1 SYSTEMPATH/CodeIgniter.php(903): App\Controllers\menuController->__construct()
 2 SYSTEMPATH/CodeIgniter.php(500): CodeIgniter\CodeIgniter->createController()
 3 SYSTEMPATH/CodeIgniter.php(355): CodeIgniter\CodeIgniter->handleRequest(null, Object(Config\Cache), false)
 4 SYSTEMPATH/Boot.php(312): CodeIgniter\CodeIgniter->run()
 5 SYSTEMPATH/Boot.php(67): CodeIgniter\Boot::runCodeIgniter(Object(CodeIgniter\CodeIgniter))
 6 FCPATH/index.php(56): CodeIgniter\Boot::bootWeb(Object(Config\Paths))
 7 SYSTEMPATH/Commands/Server/rewrite.php(49): require_once('/Users/Danny/Desktop/Danny/menuscanorder/public/index.php')
INFO - 2024-05-09 05:22:48 --> Session: Class initialized using 'CodeIgniter\Session\Handlers\FileHandler' driver.
WARNING - 2024-05-09 05:22:48 --> [DEPRECATED] Creation of dynamic property App\Controllers\menuController::$session is deprecated in APPPATH/Controllers/MenuController.php on line 15.
 1 SYSTEMPATH/CodeIgniter.php(903): App\Controllers\menuController->__construct()
 2 SYSTEMPATH/CodeIgniter.php(500): CodeIgniter\CodeIgniter->createController()
 3 SYSTEMPATH/CodeIgniter.php(355): CodeIgniter\CodeIgniter->handleRequest(null, Object(Config\Cache), false)
 4 SYSTEMPATH/Boot.php(312): CodeIgniter\CodeIgniter->run()
 5 SYSTEMPATH/Boot.php(67): CodeIgniter\Boot::runCodeIgniter(Object(CodeIgniter\CodeIgniter))
 6 FCPATH/index.php(56): CodeIgniter\Boot::bootWeb(Object(Config\Paths))
 7 SYSTEMPATH/Commands/Server/rewrite.php(49): require_once('/Users/Danny/Desktop/Danny/menuscanorder/public/index.php')
CRITICAL - 2024-05-09 05:22:48 --> ErrorException: Undefined array key "dishes"
[Method: GET, Route: order/1/1]
in APPPATH/Views/ordering.php on line 113.
 1 APPPATH/Views/ordering.php(113): CodeIgniter\Debug\Exceptions->errorHandler(2, 'Undefined array key "dishes"', '/Users/Danny/Desktop/Danny/menuscanorder/app/Views/ordering.php', 113)
 2 SYSTEMPATH/View/View.php(234): include('/Users/Danny/Desktop/Danny/menuscanorder/app/Views/ordering.php')
 3 SYSTEMPATH/View/View.php(237): CodeIgniter\View\View->CodeIgniter\View\{closure}()
 4 SYSTEMPATH/Common.php(1171): CodeIgniter\View\View->render('ordering', [], true)
 5 APPPATH/Controllers/MenuController.php(65): view('ordering', [...])
 6 SYSTEMPATH/CodeIgniter.php(933): App\Controllers\menuController->ordering('1', '1')
 7 SYSTEMPATH/CodeIgniter.php(509): CodeIgniter\CodeIgniter->runController(Object(App\Controllers\menuController))
 8 SYSTEMPATH/CodeIgniter.php(355): CodeIgniter\CodeIgniter->handleRequest(null, Object(Config\Cache), false)
 9 SYSTEMPATH/Boot.php(312): CodeIgniter\CodeIgniter->run()
10 SYSTEMPATH/Boot.php(67): CodeIgniter\Boot::runCodeIgniter(Object(CodeIgniter\CodeIgniter))
11 FCPATH/index.php(56): CodeIgniter\Boot::bootWeb(Object(Config\Paths))
12 SYSTEMPATH/Commands/Server/rewrite.php(49): require_once('/Users/Danny/Desktop/Danny/menuscanorder/public/index.php')
INFO - 2024-05-09 05:25:09 --> Session: Class initialized using 'CodeIgniter\Session\Handlers\FileHandler' driver.
WARNING - 2024-05-09 05:25:09 --> [DEPRECATED] Creation of dynamic property App\Controllers\menuController::$session is deprecated in APPPATH/Controllers/MenuController.php on line 15.
 1 SYSTEMPATH/CodeIgniter.php(903): App\Controllers\menuController->__construct()
 2 SYSTEMPATH/CodeIgniter.php(500): CodeIgniter\CodeIgniter->createController()
 3 SYSTEMPATH/CodeIgniter.php(355): CodeIgniter\CodeIgniter->handleRequest(null, Object(Config\Cache), false)
 4 SYSTEMPATH/Boot.php(312): CodeIgniter\CodeIgniter->run()
 5 SYSTEMPATH/Boot.php(67): CodeIgniter\Boot::runCodeIgniter(Object(CodeIgniter\CodeIgniter))
 6 FCPATH/index.php(56): CodeIgniter\Boot::bootWeb(Object(Config\Paths))
 7 SYSTEMPATH/Commands/Server/rewrite.php(49): require_once('/Users/Danny/Desktop/Danny/menuscanorder/public/index.php')
INFO - 2024-05-09 05:30:18 --> Session: Class initialized using 'CodeIgniter\Session\Handlers\FileHandler' driver.
WARNING - 2024-05-09 05:30:18 --> [DEPRECATED] Creation of dynamic property App\Controllers\menuController::$session is deprecated in APPPATH/Controllers/MenuController.php on line 15.
 1 SYSTEMPATH/CodeIgniter.php(903): App\Controllers\menuController->__construct()
 2 SYSTEMPATH/CodeIgniter.php(500): CodeIgniter\CodeIgniter->createController()
 3 SYSTEMPATH/CodeIgniter.php(355): CodeIgniter\CodeIgniter->handleRequest(null, Object(Config\Cache), false)
 4 SYSTEMPATH/Boot.php(312): CodeIgniter\CodeIgniter->run()
 5 SYSTEMPATH/Boot.php(67): CodeIgniter\Boot::runCodeIgniter(Object(CodeIgniter\CodeIgniter))
 6 FCPATH/index.php(56): CodeIgniter\Boot::bootWeb(Object(Config\Paths))
 7 SYSTEMPATH/Commands/Server/rewrite.php(49): require_once('/Users/Danny/Desktop/Danny/menuscanorder/public/index.php')
INFO - 2024-05-09 05:31:11 --> Session: Class initialized using 'CodeIgniter\Session\Handlers\FileHandler' driver.
WARNING - 2024-05-09 05:31:11 --> [DEPRECATED] Creation of dynamic property App\Controllers\menuController::$session is deprecated in APPPATH/Controllers/MenuController.php on line 15.
 1 SYSTEMPATH/CodeIgniter.php(903): App\Controllers\menuController->__construct()
 2 SYSTEMPATH/CodeIgniter.php(500): CodeIgniter\CodeIgniter->createController()
 3 SYSTEMPATH/CodeIgniter.php(355): CodeIgniter\CodeIgniter->handleRequest(null, Object(Config\Cache), false)
 4 SYSTEMPATH/Boot.php(312): CodeIgniter\CodeIgniter->run()
 5 SYSTEMPATH/Boot.php(67): CodeIgniter\Boot::runCodeIgniter(Object(CodeIgniter\CodeIgniter))
 6 FCPATH/index.php(56): CodeIgniter\Boot::bootWeb(Object(Config\Paths))
 7 SYSTEMPATH/Commands/Server/rewrite.php(49): require_once('/Users/Danny/Desktop/Danny/menuscanorder/public/index.php')
INFO - 2024-05-09 05:31:32 --> Session: Class initialized using 'CodeIgniter\Session\Handlers\FileHandler' driver.
WARNING - 2024-05-09 05:31:32 --> [DEPRECATED] Creation of dynamic property App\Controllers\menuController::$session is deprecated in APPPATH/Controllers/MenuController.php on line 15.
 1 SYSTEMPATH/CodeIgniter.php(903): App\Controllers\menuController->__construct()
 2 SYSTEMPATH/CodeIgniter.php(500): CodeIgniter\CodeIgniter->createController()
 3 SYSTEMPATH/CodeIgniter.php(355): CodeIgniter\CodeIgniter->handleRequest(null, Object(Config\Cache), false)
 4 SYSTEMPATH/Boot.php(312): CodeIgniter\CodeIgniter->run()
 5 SYSTEMPATH/Boot.php(67): CodeIgniter\Boot::runCodeIgniter(Object(CodeIgniter\CodeIgniter))
 6 FCPATH/index.php(56): CodeIgniter\Boot::bootWeb(Object(Config\Paths))
 7 SYSTEMPATH/Commands/Server/rewrite.php(49): require_once('/Users/Danny/Desktop/Danny/menuscanorder/public/index.php')
INFO - 2024-05-09 05:31:33 --> Session: Class initialized using 'CodeIgniter\Session\Handlers\FileHandler' driver.
WARNING - 2024-05-09 05:31:33 --> [DEPRECATED] Creation of dynamic property App\Controllers\menuController::$session is deprecated in APPPATH/Controllers/MenuController.php on line 15.
 1 SYSTEMPATH/CodeIgniter.php(903): App\Controllers\menuController->__construct()
 2 SYSTEMPATH/CodeIgniter.php(500): CodeIgniter\CodeIgniter->createController()
 3 SYSTEMPATH/CodeIgniter.php(355): CodeIgniter\CodeIgniter->handleRequest(null, Object(Config\Cache), false)
 4 SYSTEMPATH/Boot.php(312): CodeIgniter\CodeIgniter->run()
 5 SYSTEMPATH/Boot.php(67): CodeIgniter\Boot::runCodeIgniter(Object(CodeIgniter\CodeIgniter))
 6 FCPATH/index.php(56): CodeIgniter\Boot::bootWeb(Object(Config\Paths))
 7 SYSTEMPATH/Commands/Server/rewrite.php(49): require_once('/Users/Danny/Desktop/Danny/menuscanorder/public/index.php')
INFO - 2024-05-09 05:33:01 --> Session: Class initialized using 'CodeIgniter\Session\Handlers\FileHandler' driver.
WARNING - 2024-05-09 05:33:01 --> [DEPRECATED] Creation of dynamic property App\Controllers\menuController::$session is deprecated in APPPATH/Controllers/MenuController.php on line 15.
 1 SYSTEMPATH/CodeIgniter.php(903): App\Controllers\menuController->__construct()
 2 SYSTEMPATH/CodeIgniter.php(500): CodeIgniter\CodeIgniter->createController()
 3 SYSTEMPATH/CodeIgniter.php(355): CodeIgniter\CodeIgniter->handleRequest(null, Object(Config\Cache), false)
 4 SYSTEMPATH/Boot.php(312): CodeIgniter\CodeIgniter->run()
 5 SYSTEMPATH/Boot.php(67): CodeIgniter\Boot::runCodeIgniter(Object(CodeIgniter\CodeIgniter))
 6 FCPATH/index.php(56): CodeIgniter\Boot::bootWeb(Object(Config\Paths))
 7 SYSTEMPATH/Commands/Server/rewrite.php(49): require_once('/Users/Danny/Desktop/Danny/menuscanorder/public/index.php')
INFO - 2024-05-09 05:33:02 --> Session: Class initialized using 'CodeIgniter\Session\Handlers\FileHandler' driver.
WARNING - 2024-05-09 05:33:02 --> [DEPRECATED] Creation of dynamic property App\Controllers\menuController::$session is deprecated in APPPATH/Controllers/MenuController.php on line 15.
 1 SYSTEMPATH/CodeIgniter.php(903): App\Controllers\menuController->__construct()
 2 SYSTEMPATH/CodeIgniter.php(500): CodeIgniter\CodeIgniter->createController()
 3 SYSTEMPATH/CodeIgniter.php(355): CodeIgniter\CodeIgniter->handleRequest(null, Object(Config\Cache), false)
 4 SYSTEMPATH/Boot.php(312): CodeIgniter\CodeIgniter->run()
 5 SYSTEMPATH/Boot.php(67): CodeIgniter\Boot::runCodeIgniter(Object(CodeIgniter\CodeIgniter))
 6 FCPATH/index.php(56): CodeIgniter\Boot::bootWeb(Object(Config\Paths))
 7 SYSTEMPATH/Commands/Server/rewrite.php(49): require_once('/Users/Danny/Desktop/Danny/menuscanorder/public/index.php')
INFO - 2024-05-09 05:36:15 --> Session: Class initialized using 'CodeIgniter\Session\Handlers\FileHandler' driver.
WARNING - 2024-05-09 05:36:15 --> [DEPRECATED] Creation of dynamic property App\Controllers\menuController::$session is deprecated in APPPATH/Controllers/MenuController.php on line 15.
 1 SYSTEMPATH/CodeIgniter.php(903): App\Controllers\menuController->__construct()
 2 SYSTEMPATH/CodeIgniter.php(500): CodeIgniter\CodeIgniter->createController()
 3 SYSTEMPATH/CodeIgniter.php(355): CodeIgniter\CodeIgniter->handleRequest(null, Object(Config\Cache), false)
 4 SYSTEMPATH/Boot.php(312): CodeIgniter\CodeIgniter->run()
 5 SYSTEMPATH/Boot.php(67): CodeIgniter\Boot::runCodeIgniter(Object(CodeIgniter\CodeIgniter))
 6 FCPATH/index.php(56): CodeIgniter\Boot::bootWeb(Object(Config\Paths))
 7 SYSTEMPATH/Commands/Server/rewrite.php(49): require_once('/Users/Danny/Desktop/Danny/menuscanorder/public/index.php')
INFO - 2024-05-09 05:38:09 --> Session: Class initialized using 'CodeIgniter\Session\Handlers\FileHandler' driver.
WARNING - 2024-05-09 05:38:09 --> [DEPRECATED] Creation of dynamic property App\Controllers\menuController::$session is deprecated in APPPATH/Controllers/MenuController.php on line 15.
 1 SYSTEMPATH/CodeIgniter.php(903): App\Controllers\menuController->__construct()
 2 SYSTEMPATH/CodeIgniter.php(500): CodeIgniter\CodeIgniter->createController()
 3 SYSTEMPATH/CodeIgniter.php(355): CodeIgniter\CodeIgniter->handleRequest(null, Object(Config\Cache), false)
 4 SYSTEMPATH/Boot.php(312): CodeIgniter\CodeIgniter->run()
 5 SYSTEMPATH/Boot.php(67): CodeIgniter\Boot::runCodeIgniter(Object(CodeIgniter\CodeIgniter))
 6 FCPATH/index.php(56): CodeIgniter\Boot::bootWeb(Object(Config\Paths))
 7 SYSTEMPATH/Commands/Server/rewrite.php(49): require_once('/Users/Danny/Desktop/Danny/menuscanorder/public/index.php')
INFO - 2024-05-09 05:39:00 --> Session: Class initialized using 'CodeIgniter\Session\Handlers\FileHandler' driver.
WARNING - 2024-05-09 05:39:00 --> [DEPRECATED] Creation of dynamic property App\Controllers\menuController::$session is deprecated in APPPATH/Controllers/MenuController.php on line 15.
 1 SYSTEMPATH/CodeIgniter.php(903): App\Controllers\menuController->__construct()
 2 SYSTEMPATH/CodeIgniter.php(500): CodeIgniter\CodeIgniter->createController()
 3 SYSTEMPATH/CodeIgniter.php(355): CodeIgniter\CodeIgniter->handleRequest(null, Object(Config\Cache), false)
 4 SYSTEMPATH/Boot.php(312): CodeIgniter\CodeIgniter->run()
 5 SYSTEMPATH/Boot.php(67): CodeIgniter\Boot::runCodeIgniter(Object(CodeIgniter\CodeIgniter))
 6 FCPATH/index.php(56): CodeIgniter\Boot::bootWeb(Object(Config\Paths))
 7 SYSTEMPATH/Commands/Server/rewrite.php(49): require_once('/Users/Danny/Desktop/Danny/menuscanorder/public/index.php')
INFO - 2024-05-09 05:39:09 --> Session: Class initialized using 'CodeIgniter\Session\Handlers\FileHandler' driver.
WARNING - 2024-05-09 05:39:09 --> [DEPRECATED] Creation of dynamic property App\Controllers\menuController::$session is deprecated in APPPATH/Controllers/MenuController.php on line 15.
 1 SYSTEMPATH/CodeIgniter.php(903): App\Controllers\menuController->__construct()
 2 SYSTEMPATH/CodeIgniter.php(500): CodeIgniter\CodeIgniter->createController()
 3 SYSTEMPATH/CodeIgniter.php(355): CodeIgniter\CodeIgniter->handleRequest(null, Object(Config\Cache), false)
 4 SYSTEMPATH/Boot.php(312): CodeIgniter\CodeIgniter->run()
 5 SYSTEMPATH/Boot.php(67): CodeIgniter\Boot::runCodeIgniter(Object(CodeIgniter\CodeIgniter))
 6 FCPATH/index.php(56): CodeIgniter\Boot::bootWeb(Object(Config\Paths))
 7 SYSTEMPATH/Commands/Server/rewrite.php(49): require_once('/Users/Danny/Desktop/Danny/menuscanorder/public/index.php')
INFO - 2024-05-09 05:50:00 --> Session: Class initialized using 'CodeIgniter\Session\Handlers\FileHandler' driver.
WARNING - 2024-05-09 05:50:00 --> [DEPRECATED] Creation of dynamic property App\Controllers\menuController::$session is deprecated in APPPATH/Controllers/MenuController.php on line 15.
 1 SYSTEMPATH/CodeIgniter.php(903): App\Controllers\menuController->__construct()
 2 SYSTEMPATH/CodeIgniter.php(500): CodeIgniter\CodeIgniter->createController()
 3 SYSTEMPATH/CodeIgniter.php(355): CodeIgniter\CodeIgniter->handleRequest(null, Object(Config\Cache), false)
 4 SYSTEMPATH/Boot.php(312): CodeIgniter\CodeIgniter->run()
 5 SYSTEMPATH/Boot.php(67): CodeIgniter\Boot::runCodeIgniter(Object(CodeIgniter\CodeIgniter))
 6 FCPATH/index.php(56): CodeIgniter\Boot::bootWeb(Object(Config\Paths))
 7 SYSTEMPATH/Commands/Server/rewrite.php(49): require_once('/Users/Danny/Desktop/Danny/menuscanorder/public/index.php')
INFO - 2024-05-09 05:52:56 --> Session: Class initialized using 'CodeIgniter\Session\Handlers\FileHandler' driver.
WARNING - 2024-05-09 05:52:56 --> [DEPRECATED] Creation of dynamic property App\Controllers\menuController::$session is deprecated in APPPATH/Controllers/MenuController.php on line 15.
 1 SYSTEMPATH/CodeIgniter.php(903): App\Controllers\menuController->__construct()
 2 SYSTEMPATH/CodeIgniter.php(500): CodeIgniter\CodeIgniter->createController()
 3 SYSTEMPATH/CodeIgniter.php(355): CodeIgniter\CodeIgniter->handleRequest(null, Object(Config\Cache), false)
 4 SYSTEMPATH/Boot.php(312): CodeIgniter\CodeIgniter->run()
 5 SYSTEMPATH/Boot.php(67): CodeIgniter\Boot::runCodeIgniter(Object(CodeIgniter\CodeIgniter))
 6 FCPATH/index.php(56): CodeIgniter\Boot::bootWeb(Object(Config\Paths))
 7 SYSTEMPATH/Commands/Server/rewrite.php(49): require_once('/Users/Danny/Desktop/Danny/menuscanorder/public/index.php')
INFO - 2024-05-09 05:53:17 --> Session: Class initialized using 'CodeIgniter\Session\Handlers\FileHandler' driver.
WARNING - 2024-05-09 05:53:17 --> [DEPRECATED] Creation of dynamic property App\Controllers\menuController::$session is deprecated in APPPATH/Controllers/MenuController.php on line 15.
 1 SYSTEMPATH/CodeIgniter.php(903): App\Controllers\menuController->__construct()
 2 SYSTEMPATH/CodeIgniter.php(500): CodeIgniter\CodeIgniter->createController()
 3 SYSTEMPATH/CodeIgniter.php(355): CodeIgniter\CodeIgniter->handleRequest(null, Object(Config\Cache), false)
 4 SYSTEMPATH/Boot.php(312): CodeIgniter\CodeIgniter->run()
 5 SYSTEMPATH/Boot.php(67): CodeIgniter\Boot::runCodeIgniter(Object(CodeIgniter\CodeIgniter))
 6 FCPATH/index.php(56): CodeIgniter\Boot::bootWeb(Object(Config\Paths))
 7 SYSTEMPATH/Commands/Server/rewrite.php(49): require_once('/Users/Danny/Desktop/Danny/menuscanorder/public/index.php')
INFO - 2024-05-09 05:58:08 --> Session: Class initialized using 'CodeIgniter\Session\Handlers\FileHandler' driver.
WARNING - 2024-05-09 05:58:08 --> [DEPRECATED] Creation of dynamic property App\Controllers\menuController::$session is deprecated in APPPATH/Controllers/MenuController.php on line 15.
 1 SYSTEMPATH/CodeIgniter.php(903): App\Controllers\menuController->__construct()
 2 SYSTEMPATH/CodeIgniter.php(500): CodeIgniter\CodeIgniter->createController()
 3 SYSTEMPATH/CodeIgniter.php(355): CodeIgniter\CodeIgniter->handleRequest(null, Object(Config\Cache), false)
 4 SYSTEMPATH/Boot.php(312): CodeIgniter\CodeIgniter->run()
 5 SYSTEMPATH/Boot.php(67): CodeIgniter\Boot::runCodeIgniter(Object(CodeIgniter\CodeIgniter))
 6 FCPATH/index.php(56): CodeIgniter\Boot::bootWeb(Object(Config\Paths))
 7 SYSTEMPATH/Commands/Server/rewrite.php(49): require_once('/Users/Danny/Desktop/Danny/menuscanorder/public/index.php')
INFO - 2024-05-09 05:59:16 --> Session: Class initialized using 'CodeIgniter\Session\Handlers\FileHandler' driver.
WARNING - 2024-05-09 05:59:16 --> [DEPRECATED] Creation of dynamic property App\Controllers\menuController::$session is deprecated in APPPATH/Controllers/MenuController.php on line 15.
 1 SYSTEMPATH/CodeIgniter.php(903): App\Controllers\menuController->__construct()
 2 SYSTEMPATH/CodeIgniter.php(500): CodeIgniter\CodeIgniter->createController()
 3 SYSTEMPATH/CodeIgniter.php(355): CodeIgniter\CodeIgniter->handleRequest(null, Object(Config\Cache), false)
 4 SYSTEMPATH/Boot.php(312): CodeIgniter\CodeIgniter->run()
 5 SYSTEMPATH/Boot.php(67): CodeIgniter\Boot::runCodeIgniter(Object(CodeIgniter\CodeIgniter))
 6 FCPATH/index.php(56): CodeIgniter\Boot::bootWeb(Object(Config\Paths))
 7 SYSTEMPATH/Commands/Server/rewrite.php(49): require_once('/Users/Danny/Desktop/Danny/menuscanorder/public/index.php')
INFO - 2024-05-09 05:59:37 --> Session: Class initialized using 'CodeIgniter\Session\Handlers\FileHandler' driver.
WARNING - 2024-05-09 05:59:37 --> [DEPRECATED] Creation of dynamic property App\Controllers\menuController::$session is deprecated in APPPATH/Controllers/MenuController.php on line 15.
 1 SYSTEMPATH/CodeIgniter.php(903): App\Controllers\menuController->__construct()
 2 SYSTEMPATH/CodeIgniter.php(500): CodeIgniter\CodeIgniter->createController()
 3 SYSTEMPATH/CodeIgniter.php(355): CodeIgniter\CodeIgniter->handleRequest(null, Object(Config\Cache), false)
 4 SYSTEMPATH/Boot.php(312): CodeIgniter\CodeIgniter->run()
 5 SYSTEMPATH/Boot.php(67): CodeIgniter\Boot::runCodeIgniter(Object(CodeIgniter\CodeIgniter))
 6 FCPATH/index.php(56): CodeIgniter\Boot::bootWeb(Object(Config\Paths))
 7 SYSTEMPATH/Commands/Server/rewrite.php(49): require_once('/Users/Danny/Desktop/Danny/menuscanorder/public/index.php')
INFO - 2024-05-09 06:01:41 --> Session: Class initialized using 'CodeIgniter\Session\Handlers\FileHandler' driver.
WARNING - 2024-05-09 06:01:41 --> [DEPRECATED] Creation of dynamic property App\Controllers\menuController::$session is deprecated in APPPATH/Controllers/MenuController.php on line 15.
 1 SYSTEMPATH/CodeIgniter.php(903): App\Controllers\menuController->__construct()
 2 SYSTEMPATH/CodeIgniter.php(500): CodeIgniter\CodeIgniter->createController()
 3 SYSTEMPATH/CodeIgniter.php(355): CodeIgniter\CodeIgniter->handleRequest(null, Object(Config\Cache), false)
 4 SYSTEMPATH/Boot.php(312): CodeIgniter\CodeIgniter->run()
 5 SYSTEMPATH/Boot.php(67): CodeIgniter\Boot::runCodeIgniter(Object(CodeIgniter\CodeIgniter))
 6 FCPATH/index.php(56): CodeIgniter\Boot::bootWeb(Object(Config\Paths))
 7 SYSTEMPATH/Commands/Server/rewrite.php(49): require_once('/Users/Danny/Desktop/Danny/menuscanorder/public/index.php')
INFO - 2024-05-09 06:01:41 --> Session: Class initialized using 'CodeIgniter\Session\Handlers\FileHandler' driver.
WARNING - 2024-05-09 06:01:41 --> [DEPRECATED] Creation of dynamic property App\Controllers\menuController::$session is deprecated in APPPATH/Controllers/MenuController.php on line 15.
 1 SYSTEMPATH/CodeIgniter.php(903): App\Controllers\menuController->__construct()
 2 SYSTEMPATH/CodeIgniter.php(500): CodeIgniter\CodeIgniter->createController()
 3 SYSTEMPATH/CodeIgniter.php(355): CodeIgniter\CodeIgniter->handleRequest(null, Object(Config\Cache), false)
 4 SYSTEMPATH/Boot.php(312): CodeIgniter\CodeIgniter->run()
 5 SYSTEMPATH/Boot.php(67): CodeIgniter\Boot::runCodeIgniter(Object(CodeIgniter\CodeIgniter))
 6 FCPATH/index.php(56): CodeIgniter\Boot::bootWeb(Object(Config\Paths))
 7 SYSTEMPATH/Commands/Server/rewrite.php(49): require_once('/Users/Danny/Desktop/Danny/menuscanorder/public/index.php')
INFO - 2024-05-09 06:01:43 --> Session: Class initialized using 'CodeIgniter\Session\Handlers\FileHandler' driver.
WARNING - 2024-05-09 06:01:43 --> [DEPRECATED] Creation of dynamic property App\Controllers\menuController::$session is deprecated in APPPATH/Controllers/MenuController.php on line 15.
 1 SYSTEMPATH/CodeIgniter.php(903): App\Controllers\menuController->__construct()
 2 SYSTEMPATH/CodeIgniter.php(500): CodeIgniter\CodeIgniter->createController()
 3 SYSTEMPATH/CodeIgniter.php(355): CodeIgniter\CodeIgniter->handleRequest(null, Object(Config\Cache), false)
 4 SYSTEMPATH/Boot.php(312): CodeIgniter\CodeIgniter->run()
 5 SYSTEMPATH/Boot.php(67): CodeIgniter\Boot::runCodeIgniter(Object(CodeIgniter\CodeIgniter))
 6 FCPATH/index.php(56): CodeIgniter\Boot::bootWeb(Object(Config\Paths))
 7 SYSTEMPATH/Commands/Server/rewrite.php(49): require_once('/Users/Danny/Desktop/Danny/menuscanorder/public/index.php')
INFO - 2024-05-09 06:01:51 --> Session: Class initialized using 'CodeIgniter\Session\Handlers\FileHandler' driver.
WARNING - 2024-05-09 06:01:51 --> [DEPRECATED] Creation of dynamic property App\Controllers\menuController::$session is deprecated in APPPATH/Controllers/MenuController.php on line 15.
 1 SYSTEMPATH/CodeIgniter.php(903): App\Controllers\menuController->__construct()
 2 SYSTEMPATH/CodeIgniter.php(500): CodeIgniter\CodeIgniter->createController()
 3 SYSTEMPATH/CodeIgniter.php(355): CodeIgniter\CodeIgniter->handleRequest(null, Object(Config\Cache), false)
 4 SYSTEMPATH/Boot.php(312): CodeIgniter\CodeIgniter->run()
 5 SYSTEMPATH/Boot.php(67): CodeIgniter\Boot::runCodeIgniter(Object(CodeIgniter\CodeIgniter))
 6 FCPATH/index.php(56): CodeIgniter\Boot::bootWeb(Object(Config\Paths))
 7 SYSTEMPATH/Commands/Server/rewrite.php(49): require_once('/Users/Danny/Desktop/Danny/menuscanorder/public/index.php')
INFO - 2024-05-09 06:02:19 --> Session: Class initialized using 'CodeIgniter\Session\Handlers\FileHandler' driver.
WARNING - 2024-05-09 06:02:19 --> [DEPRECATED] Creation of dynamic property App\Controllers\menuController::$session is deprecated in APPPATH/Controllers/MenuController.php on line 15.
 1 SYSTEMPATH/CodeIgniter.php(903): App\Controllers\menuController->__construct()
 2 SYSTEMPATH/CodeIgniter.php(500): CodeIgniter\CodeIgniter->createController()
 3 SYSTEMPATH/CodeIgniter.php(355): CodeIgniter\CodeIgniter->handleRequest(null, Object(Config\Cache), false)
 4 SYSTEMPATH/Boot.php(312): CodeIgniter\CodeIgniter->run()
 5 SYSTEMPATH/Boot.php(67): CodeIgniter\Boot::runCodeIgniter(Object(CodeIgniter\CodeIgniter))
 6 FCPATH/index.php(56): CodeIgniter\Boot::bootWeb(Object(Config\Paths))
 7 SYSTEMPATH/Commands/Server/rewrite.php(49): require_once('/Users/Danny/Desktop/Danny/menuscanorder/public/index.php')
INFO - 2024-05-09 06:04:42 --> Session: Class initialized using 'CodeIgniter\Session\Handlers\FileHandler' driver.
WARNING - 2024-05-09 06:04:42 --> [DEPRECATED] Creation of dynamic property App\Controllers\menuController::$session is deprecated in APPPATH/Controllers/MenuController.php on line 15.
 1 SYSTEMPATH/CodeIgniter.php(903): App\Controllers\menuController->__construct()
 2 SYSTEMPATH/CodeIgniter.php(500): CodeIgniter\CodeIgniter->createController()
 3 SYSTEMPATH/CodeIgniter.php(355): CodeIgniter\CodeIgniter->handleRequest(null, Object(Config\Cache), false)
 4 SYSTEMPATH/Boot.php(312): CodeIgniter\CodeIgniter->run()
 5 SYSTEMPATH/Boot.php(67): CodeIgniter\Boot::runCodeIgniter(Object(CodeIgniter\CodeIgniter))
 6 FCPATH/index.php(56): CodeIgniter\Boot::bootWeb(Object(Config\Paths))
 7 SYSTEMPATH/Commands/Server/rewrite.php(49): require_once('/Users/Danny/Desktop/Danny/menuscanorder/public/index.php')
INFO - 2024-05-09 06:06:08 --> Session: Class initialized using 'CodeIgniter\Session\Handlers\FileHandler' driver.
WARNING - 2024-05-09 06:06:08 --> [DEPRECATED] Creation of dynamic property App\Controllers\menuController::$session is deprecated in APPPATH/Controllers/MenuController.php on line 15.
 1 SYSTEMPATH/CodeIgniter.php(903): App\Controllers\menuController->__construct()
 2 SYSTEMPATH/CodeIgniter.php(500): CodeIgniter\CodeIgniter->createController()
 3 SYSTEMPATH/CodeIgniter.php(355): CodeIgniter\CodeIgniter->handleRequest(null, Object(Config\Cache), false)
 4 SYSTEMPATH/Boot.php(312): CodeIgniter\CodeIgniter->run()
 5 SYSTEMPATH/Boot.php(67): CodeIgniter\Boot::runCodeIgniter(Object(CodeIgniter\CodeIgniter))
 6 FCPATH/index.php(56): CodeIgniter\Boot::bootWeb(Object(Config\Paths))
 7 SYSTEMPATH/Commands/Server/rewrite.php(49): require_once('/Users/Danny/Desktop/Danny/menuscanorder/public/index.php')
INFO - 2024-05-09 06:06:43 --> Session: Class initialized using 'CodeIgniter\Session\Handlers\FileHandler' driver.
WARNING - 2024-05-09 06:06:43 --> [DEPRECATED] Creation of dynamic property App\Controllers\menuController::$session is deprecated in APPPATH/Controllers/MenuController.php on line 15.
 1 SYSTEMPATH/CodeIgniter.php(903): App\Controllers\menuController->__construct()
 2 SYSTEMPATH/CodeIgniter.php(500): CodeIgniter\CodeIgniter->createController()
 3 SYSTEMPATH/CodeIgniter.php(355): CodeIgniter\CodeIgniter->handleRequest(null, Object(Config\Cache), false)
 4 SYSTEMPATH/Boot.php(312): CodeIgniter\CodeIgniter->run()
 5 SYSTEMPATH/Boot.php(67): CodeIgniter\Boot::runCodeIgniter(Object(CodeIgniter\CodeIgniter))
 6 FCPATH/index.php(56): CodeIgniter\Boot::bootWeb(Object(Config\Paths))
 7 SYSTEMPATH/Commands/Server/rewrite.php(49): require_once('/Users/Danny/Desktop/Danny/menuscanorder/public/index.php')
INFO - 2024-05-09 06:06:54 --> Session: Class initialized using 'CodeIgniter\Session\Handlers\FileHandler' driver.
WARNING - 2024-05-09 06:06:54 --> [DEPRECATED] Creation of dynamic property App\Controllers\menuController::$session is deprecated in APPPATH/Controllers/MenuController.php on line 15.
 1 SYSTEMPATH/CodeIgniter.php(903): App\Controllers\menuController->__construct()
 2 SYSTEMPATH/CodeIgniter.php(500): CodeIgniter\CodeIgniter->createController()
 3 SYSTEMPATH/CodeIgniter.php(355): CodeIgniter\CodeIgniter->handleRequest(null, Object(Config\Cache), false)
 4 SYSTEMPATH/Boot.php(312): CodeIgniter\CodeIgniter->run()
 5 SYSTEMPATH/Boot.php(67): CodeIgniter\Boot::runCodeIgniter(Object(CodeIgniter\CodeIgniter))
 6 FCPATH/index.php(56): CodeIgniter\Boot::bootWeb(Object(Config\Paths))
 7 SYSTEMPATH/Commands/Server/rewrite.php(49): require_once('/Users/Danny/Desktop/Danny/menuscanorder/public/index.php')
INFO - 2024-05-09 06:16:12 --> Session: Class initialized using 'CodeIgniter\Session\Handlers\FileHandler' driver.
WARNING - 2024-05-09 06:16:12 --> [DEPRECATED] Creation of dynamic property App\Controllers\menuController::$session is deprecated in APPPATH/Controllers/MenuController.php on line 15.
 1 SYSTEMPATH/CodeIgniter.php(903): App\Controllers\menuController->__construct()
 2 SYSTEMPATH/CodeIgniter.php(500): CodeIgniter\CodeIgniter->createController()
 3 SYSTEMPATH/CodeIgniter.php(355): CodeIgniter\CodeIgniter->handleRequest(null, Object(Config\Cache), false)
 4 SYSTEMPATH/Boot.php(312): CodeIgniter\CodeIgniter->run()
 5 SYSTEMPATH/Boot.php(67): CodeIgniter\Boot::runCodeIgniter(Object(CodeIgniter\CodeIgniter))
 6 FCPATH/index.php(56): CodeIgniter\Boot::bootWeb(Object(Config\Paths))
 7 SYSTEMPATH/Commands/Server/rewrite.php(49): require_once('/Users/Danny/Desktop/Danny/menuscanorder/public/index.php')
INFO - 2024-05-09 06:16:28 --> Session: Class initialized using 'CodeIgniter\Session\Handlers\FileHandler' driver.
WARNING - 2024-05-09 06:16:28 --> [DEPRECATED] Creation of dynamic property App\Controllers\menuController::$session is deprecated in APPPATH/Controllers/MenuController.php on line 15.
 1 SYSTEMPATH/CodeIgniter.php(903): App\Controllers\menuController->__construct()
 2 SYSTEMPATH/CodeIgniter.php(500): CodeIgniter\CodeIgniter->createController()
 3 SYSTEMPATH/CodeIgniter.php(355): CodeIgniter\CodeIgniter->handleRequest(null, Object(Config\Cache), false)
 4 SYSTEMPATH/Boot.php(312): CodeIgniter\CodeIgniter->run()
 5 SYSTEMPATH/Boot.php(67): CodeIgniter\Boot::runCodeIgniter(Object(CodeIgniter\CodeIgniter))
 6 FCPATH/index.php(56): CodeIgniter\Boot::bootWeb(Object(Config\Paths))
 7 SYSTEMPATH/Commands/Server/rewrite.php(49): require_once('/Users/Danny/Desktop/Danny/menuscanorder/public/index.php')
INFO - 2024-05-09 06:28:35 --> Session: Class initialized using 'CodeIgniter\Session\Handlers\FileHandler' driver.
WARNING - 2024-05-09 06:28:35 --> [DEPRECATED] Creation of dynamic property App\Controllers\menuController::$session is deprecated in APPPATH/Controllers/MenuController.php on line 15.
 1 SYSTEMPATH/CodeIgniter.php(903): App\Controllers\menuController->__construct()
 2 SYSTEMPATH/CodeIgniter.php(500): CodeIgniter\CodeIgniter->createController()
 3 SYSTEMPATH/CodeIgniter.php(355): CodeIgniter\CodeIgniter->handleRequest(null, Object(Config\Cache), false)
 4 SYSTEMPATH/Boot.php(312): CodeIgniter\CodeIgniter->run()
 5 SYSTEMPATH/Boot.php(67): CodeIgniter\Boot::runCodeIgniter(Object(CodeIgniter\CodeIgniter))
 6 FCPATH/index.php(56): CodeIgniter\Boot::bootWeb(Object(Config\Paths))
 7 SYSTEMPATH/Commands/Server/rewrite.php(49): require_once('/Users/Danny/Desktop/Danny/menuscanorder/public/index.php')
INFO - 2024-05-09 06:29:50 --> Session: Class initialized using 'CodeIgniter\Session\Handlers\FileHandler' driver.
WARNING - 2024-05-09 06:29:50 --> [DEPRECATED] Creation of dynamic property App\Controllers\menuController::$session is deprecated in APPPATH/Controllers/MenuController.php on line 15.
 1 SYSTEMPATH/CodeIgniter.php(903): App\Controllers\menuController->__construct()
 2 SYSTEMPATH/CodeIgniter.php(500): CodeIgniter\CodeIgniter->createController()
 3 SYSTEMPATH/CodeIgniter.php(355): CodeIgniter\CodeIgniter->handleRequest(null, Object(Config\Cache), false)
 4 SYSTEMPATH/Boot.php(312): CodeIgniter\CodeIgniter->run()
 5 SYSTEMPATH/Boot.php(67): CodeIgniter\Boot::runCodeIgniter(Object(CodeIgniter\CodeIgniter))
 6 FCPATH/index.php(56): CodeIgniter\Boot::bootWeb(Object(Config\Paths))
 7 SYSTEMPATH/Commands/Server/rewrite.php(49): require_once('/Users/Danny/Desktop/Danny/menuscanorder/public/index.php')
INFO - 2024-05-09 06:32:31 --> Session: Class initialized using 'CodeIgniter\Session\Handlers\FileHandler' driver.
WARNING - 2024-05-09 06:32:31 --> [DEPRECATED] Creation of dynamic property App\Controllers\menuController::$session is deprecated in APPPATH/Controllers/MenuController.php on line 15.
 1 SYSTEMPATH/CodeIgniter.php(903): App\Controllers\menuController->__construct()
 2 SYSTEMPATH/CodeIgniter.php(500): CodeIgniter\CodeIgniter->createController()
 3 SYSTEMPATH/CodeIgniter.php(355): CodeIgniter\CodeIgniter->handleRequest(null, Object(Config\Cache), false)
 4 SYSTEMPATH/Boot.php(312): CodeIgniter\CodeIgniter->run()
 5 SYSTEMPATH/Boot.php(67): CodeIgniter\Boot::runCodeIgniter(Object(CodeIgniter\CodeIgniter))
 6 FCPATH/index.php(56): CodeIgniter\Boot::bootWeb(Object(Config\Paths))
 7 SYSTEMPATH/Commands/Server/rewrite.php(49): require_once('/Users/Danny/Desktop/Danny/menuscanorder/public/index.php')
INFO - 2024-05-09 06:44:36 --> Session: Class initialized using 'CodeIgniter\Session\Handlers\FileHandler' driver.
WARNING - 2024-05-09 06:44:36 --> [DEPRECATED] Creation of dynamic property App\Controllers\menuController::$session is deprecated in APPPATH/Controllers/MenuController.php on line 15.
 1 SYSTEMPATH/CodeIgniter.php(903): App\Controllers\menuController->__construct()
 2 SYSTEMPATH/CodeIgniter.php(500): CodeIgniter\CodeIgniter->createController()
 3 SYSTEMPATH/CodeIgniter.php(355): CodeIgniter\CodeIgniter->handleRequest(null, Object(Config\Cache), false)
 4 SYSTEMPATH/Boot.php(312): CodeIgniter\CodeIgniter->run()
 5 SYSTEMPATH/Boot.php(67): CodeIgniter\Boot::runCodeIgniter(Object(CodeIgniter\CodeIgniter))
 6 FCPATH/index.php(56): CodeIgniter\Boot::bootWeb(Object(Config\Paths))
 7 SYSTEMPATH/Commands/Server/rewrite.php(49): require_once('/Users/Danny/Desktop/Danny/menuscanorder/public/index.php')
