ERROR - 2024-04-17 04:08:08 --> mysqli_sql_exception: Failed to open the referenced table 'Dishes' in /var/www/menuscanorder/vendor/codeigniter4/framework/system/Database/MySQLi/Connection.php:308
Stack trace:
#0 /var/www/menuscanorder/vendor/codeigniter4/framework/system/Database/MySQLi/Connection.php(308): mysqli->query()
#1 /var/www/menuscanorder/vendor/codeigniter4/framework/system/Database/BaseConnection.php(722): CodeIgniter\Database\MySQLi\Connection->execute()
#2 /var/www/menuscanorder/vendor/codeigniter4/framework/system/Database/BaseConnection.php(636): CodeIgniter\Database\BaseConnection->simpleQuery()
#3 /var/www/menuscanorder/vendor/codeigniter4/framework/system/Database/Forge.php(570): CodeIgniter\Database\BaseConnection->query()
#4 /var/www/menuscanorder/app/Database/Migrations/2024-04-16-072244_CreateCoffeesTable.php(42): CodeIgniter\Database\Forge->createTable()
#5 /var/www/menuscanorder/vendor/codeigniter4/framework/system/Database/MigrationRunner.php(867): App\Database\Migrations\CreateCoffeesTable->up()
#6 /var/www/menuscanorder/vendor/codeigniter4/framework/system/Database/MigrationRunner.php(183): CodeIgniter\Database\MigrationRunner->migrate()
#7 /var/www/menuscanorder/vendor/codeigniter4/framework/system/Commands/Database/Migrate.php(85): CodeIgniter\Database\MigrationRunner->latest()
#8 /var/www/menuscanorder/vendor/codeigniter4/framework/system/CLI/Commands.php(70): CodeIgniter\Commands\Database\Migrate->run()
#9 /var/www/menuscanorder/vendor/codeigniter4/framework/system/CLI/Console.php(48): CodeIgniter\CLI\Commands->run()
#10 /var/www/menuscanorder/vendor/codeigniter4/framework/system/Boot.php(338): CodeIgniter\CLI\Console->run()
#11 /var/www/menuscanorder/vendor/codeigniter4/framework/system/Boot.php(104): CodeIgniter\Boot::runCommand()
#12 /var/www/menuscanorder/spark(84): CodeIgniter\Boot::bootSpark()
#13 {main}
ERROR - 2024-04-17 04:34:35 --> mysqli_sql_exception: Failed to open the referenced table 'Milks' in /var/www/menuscanorder/vendor/codeigniter4/framework/system/Database/MySQLi/Connection.php:308
Stack trace:
#0 /var/www/menuscanorder/vendor/codeigniter4/framework/system/Database/MySQLi/Connection.php(308): mysqli->query()
#1 /var/www/menuscanorder/vendor/codeigniter4/framework/system/Database/BaseConnection.php(722): CodeIgniter\Database\MySQLi\Connection->execute()
#2 /var/www/menuscanorder/vendor/codeigniter4/framework/system/Database/BaseConnection.php(636): CodeIgniter\Database\BaseConnection->simpleQuery()
#3 /var/www/menuscanorder/vendor/codeigniter4/framework/system/Database/Forge.php(570): CodeIgniter\Database\BaseConnection->query()
#4 /var/www/menuscanorder/app/Database/Migrations/2024-04-16-072244_CreateCoffeesTable.php(42): CodeIgniter\Database\Forge->createTable()
#5 /var/www/menuscanorder/vendor/codeigniter4/framework/system/Database/MigrationRunner.php(867): App\Database\Migrations\CreateCoffeesTable->up()
#6 /var/www/menuscanorder/vendor/codeigniter4/framework/system/Database/MigrationRunner.php(183): CodeIgniter\Database\MigrationRunner->migrate()
#7 /var/www/menuscanorder/vendor/codeigniter4/framework/system/Commands/Database/Migrate.php(85): CodeIgniter\Database\MigrationRunner->latest()
#8 /var/www/menuscanorder/vendor/codeigniter4/framework/system/CLI/Commands.php(70): CodeIgniter\Commands\Database\Migrate->run()
#9 /var/www/menuscanorder/vendor/codeigniter4/framework/system/CLI/Console.php(48): CodeIgniter\CLI\Commands->run()
#10 /var/www/menuscanorder/vendor/codeigniter4/framework/system/Boot.php(338): CodeIgniter\CLI\Console->run()
#11 /var/www/menuscanorder/vendor/codeigniter4/framework/system/Boot.php(104): CodeIgniter\Boot::runCommand()
#12 /var/www/menuscanorder/spark(84): CodeIgniter\Boot::bootSpark()
#13 {main}
ERROR - 2024-04-17 04:35:03 --> mysqli_sql_exception: Failed to open the referenced table 'Customizations' in /var/www/menuscanorder/vendor/codeigniter4/framework/system/Database/MySQLi/Connection.php:308
Stack trace:
#0 /var/www/menuscanorder/vendor/codeigniter4/framework/system/Database/MySQLi/Connection.php(308): mysqli->query()
#1 /var/www/menuscanorder/vendor/codeigniter4/framework/system/Database/BaseConnection.php(722): CodeIgniter\Database\MySQLi\Connection->execute()
#2 /var/www/menuscanorder/vendor/codeigniter4/framework/system/Database/BaseConnection.php(636): CodeIgniter\Database\BaseConnection->simpleQuery()
#3 /var/www/menuscanorder/vendor/codeigniter4/framework/system/Database/Forge.php(570): CodeIgniter\Database\BaseConnection->query()
#4 /var/www/menuscanorder/app/Database/Migrations/2024-04-16-072244_CreateOrderdetailsTable.php(47): CodeIgniter\Database\Forge->createTable()
#5 /var/www/menuscanorder/vendor/codeigniter4/framework/system/Database/MigrationRunner.php(867): App\Database\Migrations\CreateOrderdetailsTable->up()
#6 /var/www/menuscanorder/vendor/codeigniter4/framework/system/Database/MigrationRunner.php(183): CodeIgniter\Database\MigrationRunner->migrate()
#7 /var/www/menuscanorder/vendor/codeigniter4/framework/system/Commands/Database/Migrate.php(85): CodeIgniter\Database\MigrationRunner->latest()
#8 /var/www/menuscanorder/vendor/codeigniter4/framework/system/CLI/Commands.php(70): CodeIgniter\Commands\Database\Migrate->run()
#9 /var/www/menuscanorder/vendor/codeigniter4/framework/system/CLI/Console.php(48): CodeIgniter\CLI\Commands->run()
#10 /var/www/menuscanorder/vendor/codeigniter4/framework/system/Boot.php(338): CodeIgniter\CLI\Console->run()
#11 /var/www/menuscanorder/vendor/codeigniter4/framework/system/Boot.php(104): CodeIgniter\Boot::runCommand()
#12 /var/www/menuscanorder/spark(84): CodeIgniter\Boot::bootSpark()
#13 {main}
ERROR - 2024-04-17 04:35:31 --> mysqli_sql_exception: Failed to open the referenced table 'Customizations' in /var/www/menuscanorder/vendor/codeigniter4/framework/system/Database/MySQLi/Connection.php:308
Stack trace:
#0 /var/www/menuscanorder/vendor/codeigniter4/framework/system/Database/MySQLi/Connection.php(308): mysqli->query()
#1 /var/www/menuscanorder/vendor/codeigniter4/framework/system/Database/BaseConnection.php(722): CodeIgniter\Database\MySQLi\Connection->execute()
#2 /var/www/menuscanorder/vendor/codeigniter4/framework/system/Database/BaseConnection.php(636): CodeIgniter\Database\BaseConnection->simpleQuery()
#3 /var/www/menuscanorder/vendor/codeigniter4/framework/system/Database/Forge.php(570): CodeIgniter\Database\BaseConnection->query()
#4 /var/www/menuscanorder/app/Database/Migrations/2024-04-16-072244_CreateOrderdetailsTable.php(47): CodeIgniter\Database\Forge->createTable()
#5 /var/www/menuscanorder/vendor/codeigniter4/framework/system/Database/MigrationRunner.php(867): App\Database\Migrations\CreateOrderdetailsTable->up()
#6 /var/www/menuscanorder/vendor/codeigniter4/framework/system/Database/MigrationRunner.php(183): CodeIgniter\Database\MigrationRunner->migrate()
#7 /var/www/menuscanorder/vendor/codeigniter4/framework/system/Commands/Database/Migrate.php(85): CodeIgniter\Database\MigrationRunner->latest()
#8 /var/www/menuscanorder/vendor/codeigniter4/framework/system/CLI/Commands.php(70): CodeIgniter\Commands\Database\Migrate->run()
#9 /var/www/menuscanorder/vendor/codeigniter4/framework/system/CLI/Console.php(48): CodeIgniter\CLI\Commands->run()
#10 /var/www/menuscanorder/vendor/codeigniter4/framework/system/Boot.php(338): CodeIgniter\CLI\Console->run()
#11 /var/www/menuscanorder/vendor/codeigniter4/framework/system/Boot.php(104): CodeIgniter\Boot::runCommand()
#12 /var/www/menuscanorder/spark(84): CodeIgniter\Boot::bootSpark()
#13 {main}
ERROR - 2024-04-17 04:38:41 --> mysqli_sql_exception: Referencing column 'customization_id' and referenced column 'customization_id' in foreign key constraint 'OrderDetails_customization_id_foreign' are incompatible. in /var/www/menuscanorder/vendor/codeigniter4/framework/system/Database/MySQLi/Connection.php:308
Stack trace:
#0 /var/www/menuscanorder/vendor/codeigniter4/framework/system/Database/MySQLi/Connection.php(308): mysqli->query()
#1 /var/www/menuscanorder/vendor/codeigniter4/framework/system/Database/BaseConnection.php(722): CodeIgniter\Database\MySQLi\Connection->execute()
#2 /var/www/menuscanorder/vendor/codeigniter4/framework/system/Database/BaseConnection.php(636): CodeIgniter\Database\BaseConnection->simpleQuery()
#3 /var/www/menuscanorder/vendor/codeigniter4/framework/system/Database/Forge.php(570): CodeIgniter\Database\BaseConnection->query()
#4 /var/www/menuscanorder/app/Database/Migrations/2024-04-16-072244_CreateOrderdetailsTable.php(47): CodeIgniter\Database\Forge->createTable()
#5 /var/www/menuscanorder/vendor/codeigniter4/framework/system/Database/MigrationRunner.php(867): App\Database\Migrations\CreateOrderdetailsTable->up()
#6 /var/www/menuscanorder/vendor/codeigniter4/framework/system/Database/MigrationRunner.php(183): CodeIgniter\Database\MigrationRunner->migrate()
#7 /var/www/menuscanorder/vendor/codeigniter4/framework/system/Commands/Database/Migrate.php(85): CodeIgniter\Database\MigrationRunner->latest()
#8 /var/www/menuscanorder/vendor/codeigniter4/framework/system/CLI/Commands.php(70): CodeIgniter\Commands\Database\Migrate->run()
#9 /var/www/menuscanorder/vendor/codeigniter4/framework/system/CLI/Console.php(48): CodeIgniter\CLI\Commands->run()
#10 /var/www/menuscanorder/vendor/codeigniter4/framework/system/Boot.php(338): CodeIgniter\CLI\Console->run()
#11 /var/www/menuscanorder/vendor/codeigniter4/framework/system/Boot.php(104): CodeIgniter\Boot::runCommand()
#12 /var/www/menuscanorder/spark(84): CodeIgniter\Boot::bootSpark()
#13 {main}
ERROR - 2024-04-17 04:46:47 --> mysqli_sql_exception: Unknown table 'menuscanorder.OrdersDetails' in /var/www/menuscanorder/vendor/codeigniter4/framework/system/Database/MySQLi/Connection.php:308
Stack trace:
#0 /var/www/menuscanorder/vendor/codeigniter4/framework/system/Database/MySQLi/Connection.php(308): mysqli->query()
#1 /var/www/menuscanorder/vendor/codeigniter4/framework/system/Database/BaseConnection.php(722): CodeIgniter\Database\MySQLi\Connection->execute()
#2 /var/www/menuscanorder/vendor/codeigniter4/framework/system/Database/BaseConnection.php(636): CodeIgniter\Database\BaseConnection->simpleQuery()
#3 /var/www/menuscanorder/vendor/codeigniter4/framework/system/Database/Forge.php(663): CodeIgniter\Database\BaseConnection->query()
#4 /var/www/menuscanorder/app/Database/Migrations/2024-04-16-072244_CreateOrderdetailsTable.php(53): CodeIgniter\Database\Forge->dropTable()
#5 /var/www/menuscanorder/vendor/codeigniter4/framework/system/Database/MigrationRunner.php(867): App\Database\Migrations\CreateOrderdetailsTable->down()
#6 /var/www/menuscanorder/vendor/codeigniter4/framework/system/Database/MigrationRunner.php(290): CodeIgniter\Database\MigrationRunner->migrate()
#7 /var/www/menuscanorder/vendor/codeigniter4/framework/system/Commands/Database/MigrateRollback.php(87): CodeIgniter\Database\MigrationRunner->regress()
#8 /var/www/menuscanorder/vendor/codeigniter4/framework/system/CLI/Commands.php(70): CodeIgniter\Commands\Database\MigrateRollback->run()
#9 /var/www/menuscanorder/vendor/codeigniter4/framework/system/CLI/Console.php(48): CodeIgniter\CLI\Commands->run()
#10 /var/www/menuscanorder/vendor/codeigniter4/framework/system/Boot.php(338): CodeIgniter\CLI\Console->run()
#11 /var/www/menuscanorder/vendor/codeigniter4/framework/system/Boot.php(104): CodeIgniter\Boot::runCommand()
#12 /var/www/menuscanorder/spark(84): CodeIgniter\Boot::bootSpark()
#13 {main}
ERROR - 2024-04-17 04:47:22 --> mysqli_sql_exception: Unknown table 'menuscanorder.OrdersDetails' in /var/www/menuscanorder/vendor/codeigniter4/framework/system/Database/MySQLi/Connection.php:308
Stack trace:
#0 /var/www/menuscanorder/vendor/codeigniter4/framework/system/Database/MySQLi/Connection.php(308): mysqli->query()
#1 /var/www/menuscanorder/vendor/codeigniter4/framework/system/Database/BaseConnection.php(722): CodeIgniter\Database\MySQLi\Connection->execute()
#2 /var/www/menuscanorder/vendor/codeigniter4/framework/system/Database/BaseConnection.php(636): CodeIgniter\Database\BaseConnection->simpleQuery()
#3 /var/www/menuscanorder/vendor/codeigniter4/framework/system/Database/Forge.php(663): CodeIgniter\Database\BaseConnection->query()
#4 /var/www/menuscanorder/app/Database/Migrations/2024-04-16-072244_CreateOrderdetailsTable.php(53): CodeIgniter\Database\Forge->dropTable()
#5 /var/www/menuscanorder/vendor/codeigniter4/framework/system/Database/MigrationRunner.php(867): App\Database\Migrations\CreateOrderdetailsTable->down()
#6 /var/www/menuscanorder/vendor/codeigniter4/framework/system/Database/MigrationRunner.php(290): CodeIgniter\Database\MigrationRunner->migrate()
#7 /var/www/menuscanorder/vendor/codeigniter4/framework/system/Commands/Database/MigrateRollback.php(87): CodeIgniter\Database\MigrationRunner->regress()
#8 /var/www/menuscanorder/vendor/codeigniter4/framework/system/CLI/Commands.php(70): CodeIgniter\Commands\Database\MigrateRollback->run()
#9 /var/www/menuscanorder/vendor/codeigniter4/framework/system/CLI/Console.php(48): CodeIgniter\CLI\Commands->run()
#10 /var/www/menuscanorder/vendor/codeigniter4/framework/system/Boot.php(338): CodeIgniter\CLI\Console->run()
#11 /var/www/menuscanorder/vendor/codeigniter4/framework/system/Boot.php(104): CodeIgniter\Boot::runCommand()
#12 /var/www/menuscanorder/spark(84): CodeIgniter\Boot::bootSpark()
#13 {main}
ERROR - 2024-04-17 04:49:12 --> mysqli_sql_exception: Failed to open the referenced table 'Menus' in /var/www/menuscanorder/vendor/codeigniter4/framework/system/Database/MySQLi/Connection.php:308
Stack trace:
#0 /var/www/menuscanorder/vendor/codeigniter4/framework/system/Database/MySQLi/Connection.php(308): mysqli->query()
#1 /var/www/menuscanorder/vendor/codeigniter4/framework/system/Database/BaseConnection.php(722): CodeIgniter\Database\MySQLi\Connection->execute()
#2 /var/www/menuscanorder/vendor/codeigniter4/framework/system/Database/BaseConnection.php(636): CodeIgniter\Database\BaseConnection->simpleQuery()
#3 /var/www/menuscanorder/vendor/codeigniter4/framework/system/Database/Forge.php(570): CodeIgniter\Database\BaseConnection->query()
#4 /var/www/menuscanorder/app/Database/Migrations/2024-04-16-072242_CreateDishesTable.php(40): CodeIgniter\Database\Forge->createTable()
#5 /var/www/menuscanorder/vendor/codeigniter4/framework/system/Database/MigrationRunner.php(867): App\Database\Migrations\CreateDishesTable->up()
#6 /var/www/menuscanorder/vendor/codeigniter4/framework/system/Database/MigrationRunner.php(183): CodeIgniter\Database\MigrationRunner->migrate()
#7 /var/www/menuscanorder/vendor/codeigniter4/framework/system/Commands/Database/Migrate.php(85): CodeIgniter\Database\MigrationRunner->latest()
#8 /var/www/menuscanorder/vendor/codeigniter4/framework/system/CLI/Commands.php(70): CodeIgniter\Commands\Database\Migrate->run()
#9 /var/www/menuscanorder/vendor/codeigniter4/framework/system/CLI/Console.php(48): CodeIgniter\CLI\Commands->run()
#10 /var/www/menuscanorder/vendor/codeigniter4/framework/system/Boot.php(338): CodeIgniter\CLI\Console->run()
#11 /var/www/menuscanorder/vendor/codeigniter4/framework/system/Boot.php(104): CodeIgniter\Boot::runCommand()
#12 /var/www/menuscanorder/spark(84): CodeIgniter\Boot::bootSpark()
#13 {main}
ERROR - 2024-04-17 04:49:42 --> mysqli_sql_exception: Failed to open the referenced table 'Tables' in /var/www/menuscanorder/vendor/codeigniter4/framework/system/Database/MySQLi/Connection.php:308
Stack trace:
#0 /var/www/menuscanorder/vendor/codeigniter4/framework/system/Database/MySQLi/Connection.php(308): mysqli->query()
#1 /var/www/menuscanorder/vendor/codeigniter4/framework/system/Database/BaseConnection.php(722): CodeIgniter\Database\MySQLi\Connection->execute()
#2 /var/www/menuscanorder/vendor/codeigniter4/framework/system/Database/BaseConnection.php(636): CodeIgniter\Database\BaseConnection->simpleQuery()
#3 /var/www/menuscanorder/vendor/codeigniter4/framework/system/Database/Forge.php(570): CodeIgniter\Database\BaseConnection->query()
#4 /var/www/menuscanorder/app/Database/Migrations/2024-04-16-072243_CreateOrdersTable.php(46): CodeIgniter\Database\Forge->createTable()
#5 /var/www/menuscanorder/vendor/codeigniter4/framework/system/Database/MigrationRunner.php(867): App\Database\Migrations\CreateOrdersTable->up()
#6 /var/www/menuscanorder/vendor/codeigniter4/framework/system/Database/MigrationRunner.php(183): CodeIgniter\Database\MigrationRunner->migrate()
#7 /var/www/menuscanorder/vendor/codeigniter4/framework/system/Commands/Database/Migrate.php(85): CodeIgniter\Database\MigrationRunner->latest()
#8 /var/www/menuscanorder/vendor/codeigniter4/framework/system/CLI/Commands.php(70): CodeIgniter\Commands\Database\Migrate->run()
#9 /var/www/menuscanorder/vendor/codeigniter4/framework/system/CLI/Console.php(48): CodeIgniter\CLI\Commands->run()
#10 /var/www/menuscanorder/vendor/codeigniter4/framework/system/Boot.php(338): CodeIgniter\CLI\Console->run()
#11 /var/www/menuscanorder/vendor/codeigniter4/framework/system/Boot.php(104): CodeIgniter\Boot::runCommand()
#12 /var/www/menuscanorder/spark(84): CodeIgniter\Boot::bootSpark()
#13 {main}
